#
# There is insufficient memory for the Java Runtime Environment to continue.
# Native memory allocation (malloc) failed to allocate 2033136 bytes for Chunk::new
# Possible reasons:
#   The system is out of physical RAM or swap space
#   The process is running with CompressedOops enabled, and the Java Heap may be blocking the growth of the native heap
# Possible solutions:
#   Reduce memory load on the system
#   Increase physical memory or swap space
#   Check if swap backing store is full
#   Decrease Java heap size (-Xmx/-Xms)
#   Decrease number of Java threads
#   Decrease Java thread stack sizes (-Xss)
#   Set larger code cache with -XX:ReservedCodeCacheSize=
#   JVM is running with Unscaled Compressed Oops mode in which the Java heap is
#     placed in the first 4GB address space. The Java Heap base address is the
#     maximum limit for the native heap growth. Please use -XX:HeapBaseMinAddress
#     to set the Java Heap base and to place the Java Heap above 4GB virtual address.
# This output file may be truncated or incomplete.
#
#  Out of Memory Error (./src/hotspot/share/memory/arena.cpp:197), pid=14380, tid=16288
#
# JRE version: OpenJDK Runtime Environment Temurin-11.0.17+8 (11.0.17+8) (build 11.0.17+8)
# Java VM: OpenJDK 64-Bit Server VM Temurin-11.0.17+8 (11.0.17+8, mixed mode, tiered, compressed oops, g1 gc, windows-amd64)
# No core dump will be written. Minidumps are not enabled by default on client versions of Windows
#

---------------  S U M M A R Y ------------

Command Line: -Dosgi.requiredJavaVersion=1.8 -Dosgi.instance.area.default=@user.home/STM32CubeIDE/workspace_1.12.0 -Declipse.buildId=Version 1.12.0 -DproductMaturityGrade=mm -XX:+UseG1GC -XX:+UseStringDeduplication -Xms256m -Xmx1024m -Djavax.net.ssl.trustStoreType=WINDOWS-ROOT 

Host: Intel(R) Core(TM) i3-1005G1 CPU @ 1.20GHz, 4 cores, 3G,  Windows 11 , 64 bit Build 22621 (10.0.22621.1344)
Time: Mon Apr 10 13:54:28 2023 SE Asia Standard Time elapsed time: 341.719620 seconds (0d 0h 5m 41s)

---------------  T H R E A D  ---------------

Current thread (0x00000160211d2000):  JavaThread "C2 CompilerThread0" daemon [_thread_in_native, id=16288, stack(0x00000019eb200000,0x00000019eb300000)]


Current CompileTask:
C2: 341719 18176   !   4       org.eclipse.cdt.internal.core.dom.parser.AbstractGNUSourceCodeParser::declSpecifierSequence_initDeclarator (343 bytes)

Stack: [0x00000019eb200000,0x00000019eb300000]
Native frames: (J=compiled Java code, j=interpreted, Vv=VM code, C=native code)
V  [jvm.dll+0x61f5ba]
V  [jvm.dll+0x7abf79]
V  [jvm.dll+0x7ad668]
V  [jvm.dll+0x7add43]
V  [jvm.dll+0x24fd88]
V  [jvm.dll+0xc262c]
V  [jvm.dll+0xc2bec]
V  [jvm.dll+0x359f42]
V  [jvm.dll+0x326123]
V  [jvm.dll+0x32545a]
V  [jvm.dll+0x209053]
V  [jvm.dll+0x20815d]
V  [jvm.dll+0x18a3b1]
V  [jvm.dll+0x217a34]
V  [jvm.dll+0x215c7b]
V  [jvm.dll+0x76ea70]
V  [jvm.dll+0x7679a4]
V  [jvm.dll+0x61e425]
C  [ucrtbase.dll+0x29363]
C  [KERNEL32.DLL+0x126bd]
C  [ntdll.dll+0x5a9f8]


---------------  P R O C E S S  ---------------

Threads class SMR info:
_java_thread_list=0x000001602cb89010, length=38, elements={
0x0000016003473800, 0x0000016021162800, 0x00000160211b4800, 0x00000160211c7000,
0x00000160211ca800, 0x00000160211cb800, 0x00000160211d2000, 0x00000160211d3800,
0x00000160211d5800, 0x0000016021364800, 0x0000016021caf000, 0x00000160231bb000,
0x00000160231bb800, 0x0000016021c76000, 0x00000160232d4000, 0x0000016021cd0000,
0x0000016025061800, 0x0000016021e27800, 0x000001602366f000, 0x000001602366f800,
0x0000016023670800, 0x000001602366b800, 0x000001602366c800, 0x000001602366d800,
0x000001602bf6d000, 0x000001602bf6c000, 0x000001602bf6f800, 0x000001602bf70800,
0x000001602bf76000, 0x000001602bf74800, 0x000001602bf75000, 0x000001602bf77000,
0x000001602bf72800, 0x000001602bf73800, 0x000001602990d000, 0x000001602990d800,
0x0000016029908000, 0x000001602990e800
}

Java Threads: ( => current thread )
  0x0000016003473800 JavaThread "main" [_thread_in_native, id=14836, stack(0x00000019ea200000,0x00000019ea300000)]
  0x0000016021162800 JavaThread "Reference Handler" daemon [_thread_blocked, id=20980, stack(0x00000019ead00000,0x00000019eae00000)]
  0x00000160211b4800 JavaThread "Finalizer" daemon [_thread_blocked, id=15492, stack(0x00000019eae00000,0x00000019eaf00000)]
  0x00000160211c7000 JavaThread "Signal Dispatcher" daemon [_thread_blocked, id=12308, stack(0x00000019eaf00000,0x00000019eb000000)]
  0x00000160211ca800 JavaThread "Attach Listener" daemon [_thread_blocked, id=7360, stack(0x00000019eb000000,0x00000019eb100000)]
  0x00000160211cb800 JavaThread "Service Thread" daemon [_thread_blocked, id=10260, stack(0x00000019eb100000,0x00000019eb200000)]
=>0x00000160211d2000 JavaThread "C2 CompilerThread0" daemon [_thread_in_native, id=16288, stack(0x00000019eb200000,0x00000019eb300000)]
  0x00000160211d3800 JavaThread "C1 CompilerThread0" daemon [_thread_blocked, id=20624, stack(0x00000019eb300000,0x00000019eb400000)]
  0x00000160211d5800 JavaThread "Sweeper thread" daemon [_thread_in_vm, id=19828, stack(0x00000019eb400000,0x00000019eb500000)]
  0x0000016021364800 JavaThread "Common-Cleaner" daemon [_thread_blocked, id=14920, stack(0x00000019eb600000,0x00000019eb700000)]
  0x0000016021caf000 JavaThread "Active Thread: Equinox Container: d90ad3d0-921b-43c3-8b5a-0f1183f511dc" [_thread_blocked, id=18584, stack(0x00000019ebc00000,0x00000019ebd00000)]
  0x00000160231bb000 JavaThread "Framework Event Dispatcher: Equinox Container: d90ad3d0-921b-43c3-8b5a-0f1183f511dc" daemon [_thread_blocked, id=12724, stack(0x00000019ebd00000,0x00000019ebe00000)]
  0x00000160231bb800 JavaThread "Start Level: Equinox Container: d90ad3d0-921b-43c3-8b5a-0f1183f511dc" daemon [_thread_blocked, id=15432, stack(0x00000019ebe00000,0x00000019ebf00000)]
  0x0000016021c76000 JavaThread "SCR Component Actor" daemon [_thread_blocked, id=16544, stack(0x00000019ebf00000,0x00000019ec000000)]
  0x00000160232d4000 JavaThread "EMF Reference Cleaner" daemon [_thread_blocked, id=4720, stack(0x00000019ec100000,0x00000019ec200000)]
  0x0000016021cd0000 JavaThread "Bundle File Closer" daemon [_thread_blocked, id=11456, stack(0x00000019ec200000,0x00000019ec300000)]
  0x0000016025061800 JavaThread "Worker-JM" [_thread_blocked, id=10356, stack(0x00000019ec400000,0x00000019ec500000)]
  0x0000016021e27800 JavaThread "Gogo shell" [_thread_blocked, id=11336, stack(0x00000019ec500000,0x00000019ec600000)]
  0x000001602366f000 JavaThread "Worker-0: https://sw-center.st.com/stm32cubeide/updatesite1/1.3.0/p2.index" [_thread_in_native, id=21024, stack(0x00000019ec000000,0x00000019ec100000)]
  0x000001602366f800 JavaThread "Log4j2-TF-1-Scheduled-1" daemon [_thread_blocked, id=19508, stack(0x00000019ec600000,0x00000019ec700000)]
  0x0000016023670800 JavaThread "ForkJoinPool.commonPool-worker-3" daemon [_thread_blocked, id=7684, stack(0x00000019ecb00000,0x00000019ecc00000)]
  0x000001602366b800 JavaThread "EventAdmin Async Event Dispatcher Thread" daemon [_thread_blocked, id=3888, stack(0x00000019ecc00000,0x00000019ecd00000)]
  0x000001602366c800 JavaThread "pool-3-thread-1" [_thread_blocked, id=13220, stack(0x00000019ecd00000,0x00000019ece00000)]
  0x000001602366d800 JavaThread "pool-4-thread-1" [_thread_blocked, id=15976, stack(0x00000019ece00000,0x00000019ecf00000)]
  0x000001602bf6d000 JavaThread "Worker-1: Update Monitor" [_thread_blocked, id=9796, stack(0x00000019ed000000,0x00000019ed100000)]
  0x000001602bf6c000 JavaThread "Worker-8" [_thread_blocked, id=14468, stack(0x00000019ed700000,0x00000019ed800000)]
  0x000001602bf6f800 JavaThread "Worker-9: C/C++ Indexer" [_thread_in_native, id=20500, stack(0x00000019ed800000,0x00000019ed900000)]
  0x000001602bf70800 JavaThread "Java2D Disposer" daemon [_thread_blocked, id=4404, stack(0x00000019eda00000,0x00000019edb00000)]
  0x000001602bf76000 JavaThread "AWT-Windows" daemon [_thread_in_native, id=19032, stack(0x00000019edc00000,0x00000019edd00000)]
  0x000001602bf74800 JavaThread "RMI TCP Accept-41337" daemon [_thread_in_native, id=5748, stack(0x00000019ee000000,0x00000019ee100000)]
  0x000001602bf75000 JavaThread "RMI Reaper" [_thread_blocked, id=15988, stack(0x00000019ee100000,0x00000019ee200000)]
  0x000001602bf77000 JavaThread "RMI GC Daemon" daemon [_thread_blocked, id=11776, stack(0x00000019ecf00000,0x00000019ed000000)]
  0x000001602bf72800 JavaThread "Serial Ports Filter" daemon [_thread_blocked, id=10812, stack(0x00000019edf00000,0x00000019ee000000)]
  0x000001602bf73800 JavaThread "pool-5-thread-1" [_thread_blocked, id=17468, stack(0x00000019ee200000,0x00000019ee300000)]
  0x000001602990d000 JavaThread "Thread-14" [_thread_blocked, id=16932, stack(0x00000019ee500000,0x00000019ee600000)]
  0x000001602990d800 JavaThread "Provisioning Event Dispatcher" daemon [_thread_blocked, id=1408, stack(0x00000019ee600000,0x00000019ee700000)]
  0x0000016029908000 JavaThread "Worker-11" [_thread_blocked, id=6976, stack(0x00000019ea400000,0x00000019ea500000)]
  0x000001602990e800 JavaThread "Worker-12: File Transport Cancel Handler" [_thread_blocked, id=16496, stack(0x00000019ea500000,0x00000019ea600000)]

Other Threads:
  0x0000016020935800 VMThread "VM Thread" [stack: 0x00000019eac00000,0x00000019ead00000] [id=18580]
  0x000001602135a000 WatcherThread [stack: 0x00000019eb500000,0x00000019eb600000] [id=19280]
  0x000001600348c000 GCTaskThread "GC Thread#0" [stack: 0x00000019ea600000,0x00000019ea700000] [id=18084]
  0x0000016021807800 GCTaskThread "GC Thread#1" [stack: 0x00000019eb800000,0x00000019eb900000] [id=12664]
  0x0000016021793000 GCTaskThread "GC Thread#2" [stack: 0x00000019eb900000,0x00000019eba00000] [id=11556]
  0x0000016021cc7000 GCTaskThread "GC Thread#3" [stack: 0x00000019eba00000,0x00000019ebb00000] [id=2772]
  0x00000160034a8000 ConcurrentGCThread "G1 Main Marker" [stack: 0x00000019ea700000,0x00000019ea800000] [id=10924]
  0x00000160034aa000 ConcurrentGCThread "G1 Conc#0" [stack: 0x00000019ea800000,0x00000019ea900000] [id=19900]
  0x00000160207a2800 ConcurrentGCThread "G1 Refine#0" [stack: 0x00000019ea900000,0x00000019eaa00000] [id=5676]
  0x0000016021b29000 ConcurrentGCThread "G1 Refine#1" [stack: 0x00000019eb700000,0x00000019eb800000] [id=10404]
  0x000001602135d000 ConcurrentGCThread "G1 Refine#2" [stack: 0x00000019ebb00000,0x00000019ebc00000] [id=17196]
  0x0000016023439000 ConcurrentGCThread "G1 Refine#3" [stack: 0x00000019ec300000,0x00000019ec400000] [id=13948]
  0x00000160207a5800 ConcurrentGCThread "G1 Young RemSet Sampling" [stack: 0x00000019eaa00000,0x00000019eab00000] [id=6828]
  0x00000160207ad800 ConcurrentGCThread "StrDedup" [stack: 0x00000019eab00000,0x00000019eac00000] [id=6896]

Threads with active compile tasks:
C2 CompilerThread0   342006 18176   !   4       org.eclipse.cdt.internal.core.dom.parser.AbstractGNUSourceCodeParser::declSpecifierSequence_initDeclarator (343 bytes)
C1 CompilerThread0   342006 18189       3       javax.crypto.Cipher::init (127 bytes)

VM state:not at safepoint (normal execution)

VM Mutex/Monitor currently owned by a thread: None

Heap address: 0x00000000c0000000, size: 1024 MB, Compressed Oops mode: 32-bit
Narrow klass base: 0x0000000000000000, Narrow klass shift: 3
Compressed class space size: 1073741824 Address: 0x0000000100000000

Heap:
 garbage-first heap   total 293888K, used 212201K [0x00000000c0000000, 0x0000000100000000)
  region size 1024K, 7 young (7168K), 1 survivors (1024K)
 Metaspace       used 118361K, capacity 127195K, committed 127268K, reserved 1159168K
  class space    used 13645K, capacity 16714K, committed 16768K, reserved 1048576K
Heap Regions: E=young(eden), S=young(survivor), O=old, HS=humongous(starts), HC=humongous(continues), CS=collection set, F=free, A=archive, TAMS=top-at-mark-start (previous, next)
|   0|0x00000000c0000000, 0x00000000c0100000, 0x00000000c0100000|100%| O|  |TAMS 0x00000000c0100000, 0x00000000c0000000| Untracked 
|   1|0x00000000c0100000, 0x00000000c0200000, 0x00000000c0200000|100%| O|  |TAMS 0x00000000c0200000, 0x00000000c0100000| Untracked 
|   2|0x00000000c0200000, 0x00000000c0300000, 0x00000000c0300000|100%| O|  |TAMS 0x00000000c0300000, 0x00000000c0200000| Untracked 
|   3|0x00000000c0300000, 0x00000000c0400000, 0x00000000c0400000|100%| O|  |TAMS 0x00000000c0400000, 0x00000000c0300000| Untracked 
|   4|0x00000000c0400000, 0x00000000c0500000, 0x00000000c0500000|100%| O|  |TAMS 0x00000000c0500000, 0x00000000c0400000| Untracked 
|   5|0x00000000c0500000, 0x00000000c0600000, 0x00000000c0600000|100%| O|  |TAMS 0x00000000c0600000, 0x00000000c0500000| Untracked 
|   6|0x00000000c0600000, 0x00000000c0700000, 0x00000000c0700000|100%| O|  |TAMS 0x00000000c0700000, 0x00000000c0600000| Untracked 
|   7|0x00000000c0700000, 0x00000000c0800000, 0x00000000c0800000|100%| O|  |TAMS 0x00000000c0800000, 0x00000000c0700000| Untracked 
|   8|0x00000000c0800000, 0x00000000c0900000, 0x00000000c0900000|100%| O|  |TAMS 0x00000000c0900000, 0x00000000c0800000| Untracked 
|   9|0x00000000c0900000, 0x00000000c0a00000, 0x00000000c0a00000|100%| O|  |TAMS 0x00000000c0a00000, 0x00000000c0900000| Untracked 
|  10|0x00000000c0a00000, 0x00000000c0b00000, 0x00000000c0b00000|100%| O|  |TAMS 0x00000000c0b00000, 0x00000000c0a00000| Untracked 
|  11|0x00000000c0b00000, 0x00000000c0c00000, 0x00000000c0c00000|100%| O|  |TAMS 0x00000000c0c00000, 0x00000000c0b00000| Untracked 
|  12|0x00000000c0c00000, 0x00000000c0d00000, 0x00000000c0d00000|100%| O|  |TAMS 0x00000000c0d00000, 0x00000000c0c00000| Untracked 
|  13|0x00000000c0d00000, 0x00000000c0e00000, 0x00000000c0e00000|100%| O|  |TAMS 0x00000000c0e00000, 0x00000000c0d00000| Untracked 
|  14|0x00000000c0e00000, 0x00000000c0f00000, 0x00000000c0f00000|100%| O|  |TAMS 0x00000000c0f00000, 0x00000000c0e00000| Untracked 
|  15|0x00000000c0f00000, 0x00000000c1000000, 0x00000000c1000000|100%| O|  |TAMS 0x00000000c1000000, 0x00000000c0f00000| Untracked 
|  16|0x00000000c1000000, 0x00000000c1100000, 0x00000000c1100000|100%| O|  |TAMS 0x00000000c1100000, 0x00000000c1000000| Untracked 
|  17|0x00000000c1100000, 0x00000000c1200000, 0x00000000c1200000|100%|HS|  |TAMS 0x00000000c1200000, 0x00000000c1100000| Complete 
|  18|0x00000000c1200000, 0x00000000c1300000, 0x00000000c1300000|100%|HC|  |TAMS 0x00000000c1300000, 0x00000000c1200000| Complete 
|  19|0x00000000c1300000, 0x00000000c1400000, 0x00000000c1400000|100%|HC|  |TAMS 0x00000000c1400000, 0x00000000c1300000| Complete 
|  20|0x00000000c1400000, 0x00000000c1500000, 0x00000000c1500000|100%|HC|  |TAMS 0x00000000c1500000, 0x00000000c1400000| Complete 
|  21|0x00000000c1500000, 0x00000000c1600000, 0x00000000c1600000|100%| O|  |TAMS 0x00000000c1600000, 0x00000000c1500000| Untracked 
|  22|0x00000000c1600000, 0x00000000c1700000, 0x00000000c1700000|100%| O|  |TAMS 0x00000000c1700000, 0x00000000c1600000| Untracked 
|  23|0x00000000c1700000, 0x00000000c1800000, 0x00000000c1800000|100%| O|  |TAMS 0x00000000c1800000, 0x00000000c1700000| Untracked 
|  24|0x00000000c1800000, 0x00000000c1900000, 0x00000000c1900000|100%| O|  |TAMS 0x00000000c1900000, 0x00000000c1800000| Untracked 
|  25|0x00000000c1900000, 0x00000000c1a00000, 0x00000000c1a00000|100%| O|  |TAMS 0x00000000c1a00000, 0x00000000c1900000| Untracked 
|  26|0x00000000c1a00000, 0x00000000c1b00000, 0x00000000c1b00000|100%| O|  |TAMS 0x00000000c1b00000, 0x00000000c1a00000| Untracked 
|  27|0x00000000c1b00000, 0x00000000c1c00000, 0x00000000c1c00000|100%| O|  |TAMS 0x00000000c1c00000, 0x00000000c1b00000| Untracked 
|  28|0x00000000c1c00000, 0x00000000c1d00000, 0x00000000c1d00000|100%| O|  |TAMS 0x00000000c1d00000, 0x00000000c1c00000| Untracked 
|  29|0x00000000c1d00000, 0x00000000c1e00000, 0x00000000c1e00000|100%| O|  |TAMS 0x00000000c1e00000, 0x00000000c1d00000| Untracked 
|  30|0x00000000c1e00000, 0x00000000c1f00000, 0x00000000c1f00000|100%| O|  |TAMS 0x00000000c1f00000, 0x00000000c1e00000| Untracked 
|  31|0x00000000c1f00000, 0x00000000c2000000, 0x00000000c2000000|100%| O|  |TAMS 0x00000000c2000000, 0x00000000c1f00000| Untracked 
|  32|0x00000000c2000000, 0x00000000c2100000, 0x00000000c2100000|100%| O|  |TAMS 0x00000000c2100000, 0x00000000c2000000| Untracked 
|  33|0x00000000c2100000, 0x00000000c2200000, 0x00000000c2200000|100%| O|  |TAMS 0x00000000c2100000, 0x00000000c2100000| Untracked 
|  34|0x00000000c2200000, 0x00000000c2300000, 0x00000000c2300000|100%| O|  |TAMS 0x00000000c2300000, 0x00000000c2200000| Untracked 
|  35|0x00000000c2300000, 0x00000000c2400000, 0x00000000c2400000|100%| O|  |TAMS 0x00000000c2400000, 0x00000000c2300000| Untracked 
|  36|0x00000000c2400000, 0x00000000c2500000, 0x00000000c2500000|100%| O|  |TAMS 0x00000000c2500000, 0x00000000c2400000| Untracked 
|  37|0x00000000c2500000, 0x00000000c2600000, 0x00000000c2600000|100%| O|  |TAMS 0x00000000c2600000, 0x00000000c2500000| Untracked 
|  38|0x00000000c2600000, 0x00000000c2700000, 0x00000000c2700000|100%| O|  |TAMS 0x00000000c2700000, 0x00000000c2600000| Untracked 
|  39|0x00000000c2700000, 0x00000000c2800000, 0x00000000c2800000|100%| O|  |TAMS 0x00000000c2800000, 0x00000000c2700000| Untracked 
|  40|0x00000000c2800000, 0x00000000c2900000, 0x00000000c2900000|100%| O|  |TAMS 0x00000000c2900000, 0x00000000c2800000| Untracked 
|  41|0x00000000c2900000, 0x00000000c2a00000, 0x00000000c2a00000|100%| O|  |TAMS 0x00000000c2a00000, 0x00000000c2900000| Untracked 
|  42|0x00000000c2a00000, 0x00000000c2b00000, 0x00000000c2b00000|100%| O|  |TAMS 0x00000000c2b00000, 0x00000000c2a00000| Untracked 
|  43|0x00000000c2b00000, 0x00000000c2c00000, 0x00000000c2c00000|100%| O|  |TAMS 0x00000000c2b00000, 0x00000000c2b00000| Untracked 
|  44|0x00000000c2c00000, 0x00000000c2d00000, 0x00000000c2d00000|100%| O|  |TAMS 0x00000000c2d00000, 0x00000000c2c00000| Untracked 
|  45|0x00000000c2d00000, 0x00000000c2e00000, 0x00000000c2e00000|100%| O|  |TAMS 0x00000000c2e00000, 0x00000000c2d00000| Untracked 
|  46|0x00000000c2e00000, 0x00000000c2f00000, 0x00000000c2f00000|100%| O|  |TAMS 0x00000000c2f00000, 0x00000000c2e00000| Untracked 
|  47|0x00000000c2f00000, 0x00000000c3000000, 0x00000000c3000000|100%| O|  |TAMS 0x00000000c3000000, 0x00000000c2f00000| Untracked 
|  48|0x00000000c3000000, 0x00000000c3100000, 0x00000000c3100000|100%| O|  |TAMS 0x00000000c3100000, 0x00000000c3000000| Untracked 
|  49|0x00000000c3100000, 0x00000000c3200000, 0x00000000c3200000|100%| O|  |TAMS 0x00000000c3200000, 0x00000000c3100000| Untracked 
|  50|0x00000000c3200000, 0x00000000c3300000, 0x00000000c3300000|100%| O|  |TAMS 0x00000000c3300000, 0x00000000c3200000| Untracked 
|  51|0x00000000c3300000, 0x00000000c3400000, 0x00000000c3400000|100%| O|  |TAMS 0x00000000c3300000, 0x00000000c3300000| Untracked 
|  52|0x00000000c3400000, 0x00000000c3500000, 0x00000000c3500000|100%| O|  |TAMS 0x00000000c3500000, 0x00000000c3400000| Untracked 
|  53|0x00000000c3500000, 0x00000000c3600000, 0x00000000c3600000|100%| O|  |TAMS 0x00000000c3600000, 0x00000000c3500000| Untracked 
|  54|0x00000000c3600000, 0x00000000c3700000, 0x00000000c3700000|100%| O|  |TAMS 0x00000000c3700000, 0x00000000c3600000| Untracked 
|  55|0x00000000c3700000, 0x00000000c3800000, 0x00000000c3800000|100%| O|  |TAMS 0x00000000c3800000, 0x00000000c3700000| Untracked 
|  56|0x00000000c3800000, 0x00000000c3900000, 0x00000000c3900000|100%| O|  |TAMS 0x00000000c3900000, 0x00000000c3800000| Untracked 
|  57|0x00000000c3900000, 0x00000000c3a00000, 0x00000000c3a00000|100%| O|  |TAMS 0x00000000c3a00000, 0x00000000c3900000| Untracked 
|  58|0x00000000c3a00000, 0x00000000c3a00000, 0x00000000c3b00000|  0%| F|  |TAMS 0x00000000c3a00000, 0x00000000c3a00000| Untracked 
|  59|0x00000000c3b00000, 0x00000000c3c00000, 0x00000000c3c00000|100%| O|  |TAMS 0x00000000c3c00000, 0x00000000c3b00000| Untracked 
|  60|0x00000000c3c00000, 0x00000000c3d00000, 0x00000000c3d00000|100%| O|  |TAMS 0x00000000c3d00000, 0x00000000c3c00000| Untracked 
|  61|0x00000000c3d00000, 0x00000000c3d00000, 0x00000000c3e00000|  0%| F|  |TAMS 0x00000000c3d00000, 0x00000000c3d00000| Untracked 
|  62|0x00000000c3e00000, 0x00000000c3f00000, 0x00000000c3f00000|100%|HS|  |TAMS 0x00000000c3f00000, 0x00000000c3e00000| Complete 
|  63|0x00000000c3f00000, 0x00000000c4000000, 0x00000000c4000000|100%| O|  |TAMS 0x00000000c4000000, 0x00000000c3f00000| Untracked 
|  64|0x00000000c4000000, 0x00000000c4000000, 0x00000000c4100000|  0%| F|  |TAMS 0x00000000c4000000, 0x00000000c4000000| Untracked 
|  65|0x00000000c4100000, 0x00000000c4200000, 0x00000000c4200000|100%| O|  |TAMS 0x00000000c4200000, 0x00000000c4100000| Untracked 
|  66|0x00000000c4200000, 0x00000000c4300000, 0x00000000c4300000|100%| O|  |TAMS 0x00000000c4200000, 0x00000000c4200000| Untracked 
|  67|0x00000000c4300000, 0x00000000c4400000, 0x00000000c4400000|100%|HS|  |TAMS 0x00000000c4400000, 0x00000000c4300000| Complete 
|  68|0x00000000c4400000, 0x00000000c4500000, 0x00000000c4500000|100%| O|  |TAMS 0x00000000c4400000, 0x00000000c4400000| Untracked 
|  69|0x00000000c4500000, 0x00000000c4600000, 0x00000000c4600000|100%| O|  |TAMS 0x00000000c4500000, 0x00000000c4500000| Untracked 
|  70|0x00000000c4600000, 0x00000000c4700000, 0x00000000c4700000|100%| O|  |TAMS 0x00000000c4700000, 0x00000000c4600000| Untracked 
|  71|0x00000000c4700000, 0x00000000c4800000, 0x00000000c4800000|100%| O|  |TAMS 0x00000000c4700000, 0x00000000c4700000| Untracked 
|  72|0x00000000c4800000, 0x00000000c4900000, 0x00000000c4900000|100%| O|  |TAMS 0x00000000c4900000, 0x00000000c4800000| Untracked 
|  73|0x00000000c4900000, 0x00000000c4a00000, 0x00000000c4a00000|100%|HS|  |TAMS 0x00000000c4a00000, 0x00000000c4900000| Complete 
|  74|0x00000000c4a00000, 0x00000000c4b00000, 0x00000000c4b00000|100%|HS|  |TAMS 0x00000000c4b00000, 0x00000000c4a00000| Complete 
|  75|0x00000000c4b00000, 0x00000000c4c00000, 0x00000000c4c00000|100%| O|  |TAMS 0x00000000c4b00000, 0x00000000c4b00000| Untracked 
|  76|0x00000000c4c00000, 0x00000000c4d00000, 0x00000000c4d00000|100%| O|  |TAMS 0x00000000c4d00000, 0x00000000c4c00000| Untracked 
|  77|0x00000000c4d00000, 0x00000000c4e00000, 0x00000000c4e00000|100%| O|  |TAMS 0x00000000c4e00000, 0x00000000c4d00000| Untracked 
|  78|0x00000000c4e00000, 0x00000000c4f00000, 0x00000000c4f00000|100%| O|  |TAMS 0x00000000c4f00000, 0x00000000c4e00000| Untracked 
|  79|0x00000000c4f00000, 0x00000000c5000000, 0x00000000c5000000|100%| O|  |TAMS 0x00000000c5000000, 0x00000000c4f00000| Untracked 
|  80|0x00000000c5000000, 0x00000000c5100000, 0x00000000c5100000|100%| O|  |TAMS 0x00000000c5100000, 0x00000000c5000000| Untracked 
|  81|0x00000000c5100000, 0x00000000c5200000, 0x00000000c5200000|100%| O|  |TAMS 0x00000000c5200000, 0x00000000c5100000| Untracked 
|  82|0x00000000c5200000, 0x00000000c5300000, 0x00000000c5300000|100%| O|  |TAMS 0x00000000c5200000, 0x00000000c5200000| Untracked 
|  83|0x00000000c5300000, 0x00000000c5400000, 0x00000000c5400000|100%| O|  |TAMS 0x00000000c5300000, 0x00000000c5300000| Untracked 
|  84|0x00000000c5400000, 0x00000000c5500000, 0x00000000c5500000|100%| O|  |TAMS 0x00000000c5400000, 0x00000000c5400000| Untracked 
|  85|0x00000000c5500000, 0x00000000c5600000, 0x00000000c5600000|100%| O|  |TAMS 0x00000000c5600000, 0x00000000c5500000| Untracked 
|  86|0x00000000c5600000, 0x00000000c5700000, 0x00000000c5700000|100%| O|  |TAMS 0x00000000c5600000, 0x00000000c5600000| Untracked 
|  87|0x00000000c5700000, 0x00000000c5800000, 0x00000000c5800000|100%| O|  |TAMS 0x00000000c5800000, 0x00000000c5700000| Untracked 
|  88|0x00000000c5800000, 0x00000000c5900000, 0x00000000c5900000|100%| O|  |TAMS 0x00000000c5900000, 0x00000000c5800000| Untracked 
|  89|0x00000000c5900000, 0x00000000c5a00000, 0x00000000c5a00000|100%| O|  |TAMS 0x00000000c5a00000, 0x00000000c5900000| Untracked 
|  90|0x00000000c5a00000, 0x00000000c5b00000, 0x00000000c5b00000|100%| O|  |TAMS 0x00000000c5a00000, 0x00000000c5a00000| Untracked 
|  91|0x00000000c5b00000, 0x00000000c5c00000, 0x00000000c5c00000|100%| O|  |TAMS 0x00000000c5c00000, 0x00000000c5b00000| Untracked 
|  92|0x00000000c5c00000, 0x00000000c5d00000, 0x00000000c5d00000|100%| O|  |TAMS 0x00000000c5d00000, 0x00000000c5c00000| Untracked 
|  93|0x00000000c5d00000, 0x00000000c5e00000, 0x00000000c5e00000|100%| O|  |TAMS 0x00000000c5e00000, 0x00000000c5d00000| Untracked 
|  94|0x00000000c5e00000, 0x00000000c5f00000, 0x00000000c5f00000|100%| O|  |TAMS 0x00000000c5e00000, 0x00000000c5e00000| Untracked 
|  95|0x00000000c5f00000, 0x00000000c6000000, 0x00000000c6000000|100%| O|  |TAMS 0x00000000c6000000, 0x00000000c5f00000| Untracked 
|  96|0x00000000c6000000, 0x00000000c6100000, 0x00000000c6100000|100%| O|  |TAMS 0x00000000c6100000, 0x00000000c6000000| Untracked 
|  97|0x00000000c6100000, 0x00000000c6200000, 0x00000000c6200000|100%| O|  |TAMS 0x00000000c6200000, 0x00000000c6100000| Untracked 
|  98|0x00000000c6200000, 0x00000000c6300000, 0x00000000c6300000|100%| O|  |TAMS 0x00000000c6200000, 0x00000000c6200000| Untracked 
|  99|0x00000000c6300000, 0x00000000c6400000, 0x00000000c6400000|100%| O|  |TAMS 0x00000000c6400000, 0x00000000c6300000| Untracked 
| 100|0x00000000c6400000, 0x00000000c6500000, 0x00000000c6500000|100%|HS|  |TAMS 0x00000000c6500000, 0x00000000c6400000| Complete 
| 101|0x00000000c6500000, 0x00000000c6600000, 0x00000000c6600000|100%| O|  |TAMS 0x00000000c6600000, 0x00000000c6500000| Untracked 
| 102|0x00000000c6600000, 0x00000000c6700000, 0x00000000c6700000|100%| O|  |TAMS 0x00000000c6700000, 0x00000000c6600000| Untracked 
| 103|0x00000000c6700000, 0x00000000c6800000, 0x00000000c6800000|100%| O|  |TAMS 0x00000000c6700000, 0x00000000c6700000| Untracked 
| 104|0x00000000c6800000, 0x00000000c6900000, 0x00000000c6900000|100%| O|  |TAMS 0x00000000c6800000, 0x00000000c6800000| Untracked 
| 105|0x00000000c6900000, 0x00000000c6a00000, 0x00000000c6a00000|100%| O|  |TAMS 0x00000000c6a00000, 0x00000000c6900000| Untracked 
| 106|0x00000000c6a00000, 0x00000000c6b00000, 0x00000000c6b00000|100%| O|  |TAMS 0x00000000c6b00000, 0x00000000c6a00000| Untracked 
| 107|0x00000000c6b00000, 0x00000000c6c00000, 0x00000000c6c00000|100%| O|  |TAMS 0x00000000c6c00000, 0x00000000c6b00000| Untracked 
| 108|0x00000000c6c00000, 0x00000000c6d00000, 0x00000000c6d00000|100%| O|  |TAMS 0x00000000c6c00000, 0x00000000c6c00000| Untracked 
| 109|0x00000000c6d00000, 0x00000000c6e00000, 0x00000000c6e00000|100%| O|  |TAMS 0x00000000c6d00000, 0x00000000c6d00000| Untracked 
| 110|0x00000000c6e00000, 0x00000000c6f00000, 0x00000000c6f00000|100%| O|  |TAMS 0x00000000c6f00000, 0x00000000c6e00000| Untracked 
| 111|0x00000000c6f00000, 0x00000000c7000000, 0x00000000c7000000|100%| O|  |TAMS 0x00000000c7000000, 0x00000000c6f00000| Untracked 
| 112|0x00000000c7000000, 0x00000000c7100000, 0x00000000c7100000|100%| O|  |TAMS 0x00000000c7000000, 0x00000000c7000000| Untracked 
| 113|0x00000000c7100000, 0x00000000c7100000, 0x00000000c7200000|  0%| F|  |TAMS 0x00000000c7100000, 0x00000000c7100000| Untracked 
| 114|0x00000000c7200000, 0x00000000c7300000, 0x00000000c7300000|100%| O|  |TAMS 0x00000000c7300000, 0x00000000c7200000| Untracked 
| 115|0x00000000c7300000, 0x00000000c7400000, 0x00000000c7400000|100%| O|  |TAMS 0x00000000c7400000, 0x00000000c7300000| Untracked 
| 116|0x00000000c7400000, 0x00000000c7500000, 0x00000000c7500000|100%| O|  |TAMS 0x00000000c7500000, 0x00000000c7400000| Untracked 
| 117|0x00000000c7500000, 0x00000000c7600000, 0x00000000c7600000|100%| O|  |TAMS 0x00000000c7600000, 0x00000000c7500000| Untracked 
| 118|0x00000000c7600000, 0x00000000c7700000, 0x00000000c7700000|100%| O|  |TAMS 0x00000000c7700000, 0x00000000c7600000| Untracked 
| 119|0x00000000c7700000, 0x00000000c7800000, 0x00000000c7800000|100%| O|  |TAMS 0x00000000c7800000, 0x00000000c7700000| Untracked 
| 120|0x00000000c7800000, 0x00000000c7800000, 0x00000000c7900000|  0%| F|  |TAMS 0x00000000c7800000, 0x00000000c7800000| Untracked 
| 121|0x00000000c7900000, 0x00000000c7a00000, 0x00000000c7a00000|100%| O|  |TAMS 0x00000000c7900000, 0x00000000c7900000| Untracked 
| 122|0x00000000c7a00000, 0x00000000c7b00000, 0x00000000c7b00000|100%| O|  |TAMS 0x00000000c7b00000, 0x00000000c7a00000| Untracked 
| 123|0x00000000c7b00000, 0x00000000c7c00000, 0x00000000c7c00000|100%| O|  |TAMS 0x00000000c7c00000, 0x00000000c7b00000| Untracked 
| 124|0x00000000c7c00000, 0x00000000c7d00000, 0x00000000c7d00000|100%| O|  |TAMS 0x00000000c7d00000, 0x00000000c7c00000| Untracked 
| 125|0x00000000c7d00000, 0x00000000c7e00000, 0x00000000c7e00000|100%| O|  |TAMS 0x00000000c7e00000, 0x00000000c7d00000| Untracked 
| 126|0x00000000c7e00000, 0x00000000c7f00000, 0x00000000c7f00000|100%| O|  |TAMS 0x00000000c7f00000, 0x00000000c7e00000| Untracked 
| 127|0x00000000c7f00000, 0x00000000c8000000, 0x00000000c8000000|100%| O|  |TAMS 0x00000000c8000000, 0x00000000c7f00000| Untracked 
| 128|0x00000000c8000000, 0x00000000c8100000, 0x00000000c8100000|100%| O|  |TAMS 0x00000000c8100000, 0x00000000c8000000| Untracked 
| 129|0x00000000c8100000, 0x00000000c8200000, 0x00000000c8200000|100%| O|  |TAMS 0x00000000c8200000, 0x00000000c8100000| Untracked 
| 130|0x00000000c8200000, 0x00000000c8300000, 0x00000000c8300000|100%| O|  |TAMS 0x00000000c8300000, 0x00000000c8200000| Untracked 
| 131|0x00000000c8300000, 0x00000000c8400000, 0x00000000c8400000|100%| O|  |TAMS 0x00000000c8400000, 0x00000000c8300000| Untracked 
| 132|0x00000000c8400000, 0x00000000c8500000, 0x00000000c8500000|100%| O|  |TAMS 0x00000000c8500000, 0x00000000c8400000| Untracked 
| 133|0x00000000c8500000, 0x00000000c8500000, 0x00000000c8600000|  0%| F|  |TAMS 0x00000000c8500000, 0x00000000c8500000| Untracked 
| 134|0x00000000c8600000, 0x00000000c8700000, 0x00000000c8700000|100%| O|  |TAMS 0x00000000c8600000, 0x00000000c8600000| Untracked 
| 135|0x00000000c8700000, 0x00000000c8800000, 0x00000000c8800000|100%| O|  |TAMS 0x00000000c8800000, 0x00000000c8700000| Untracked 
| 136|0x00000000c8800000, 0x00000000c8900000, 0x00000000c8900000|100%| O|  |TAMS 0x00000000c8800000, 0x00000000c8800000| Untracked 
| 137|0x00000000c8900000, 0x00000000c8a00000, 0x00000000c8a00000|100%| O|  |TAMS 0x00000000c8a00000, 0x00000000c8900000| Untracked 
| 138|0x00000000c8a00000, 0x00000000c8b00000, 0x00000000c8b00000|100%| O|  |TAMS 0x00000000c8b00000, 0x00000000c8a00000| Untracked 
| 139|0x00000000c8b00000, 0x00000000c8c00000, 0x00000000c8c00000|100%| O|  |TAMS 0x00000000c8c00000, 0x00000000c8b00000| Untracked 
| 140|0x00000000c8c00000, 0x00000000c8d00000, 0x00000000c8d00000|100%| O|  |TAMS 0x00000000c8d00000, 0x00000000c8c00000| Untracked 
| 141|0x00000000c8d00000, 0x00000000c8e00000, 0x00000000c8e00000|100%| O|  |TAMS 0x00000000c8e00000, 0x00000000c8d00000| Untracked 
| 142|0x00000000c8e00000, 0x00000000c8f00000, 0x00000000c8f00000|100%| O|  |TAMS 0x00000000c8f00000, 0x00000000c8e00000| Untracked 
| 143|0x00000000c8f00000, 0x00000000c9000000, 0x00000000c9000000|100%| O|  |TAMS 0x00000000c9000000, 0x00000000c8f00000| Untracked 
| 144|0x00000000c9000000, 0x00000000c9100000, 0x00000000c9100000|100%| O|  |TAMS 0x00000000c9000000, 0x00000000c9000000| Untracked 
| 145|0x00000000c9100000, 0x00000000c9200000, 0x00000000c9200000|100%| O|  |TAMS 0x00000000c9200000, 0x00000000c9100000| Untracked 
| 146|0x00000000c9200000, 0x00000000c9200000, 0x00000000c9300000|  0%| F|  |TAMS 0x00000000c9200000, 0x00000000c9200000| Untracked 
| 147|0x00000000c9300000, 0x00000000c9400000, 0x00000000c9400000|100%| O|  |TAMS 0x00000000c9300000, 0x00000000c9300000| Untracked 
| 148|0x00000000c9400000, 0x00000000c9500000, 0x00000000c9500000|100%| O|  |TAMS 0x00000000c9400000, 0x00000000c9400000| Untracked 
| 149|0x00000000c9500000, 0x00000000c9500000, 0x00000000c9600000|  0%| F|  |TAMS 0x00000000c9500000, 0x00000000c9500000| Untracked 
| 150|0x00000000c9600000, 0x00000000c9700000, 0x00000000c9700000|100%| O|  |TAMS 0x00000000c9600000, 0x00000000c9600000| Untracked 
| 151|0x00000000c9700000, 0x00000000c9800000, 0x00000000c9800000|100%| O|  |TAMS 0x00000000c9700000, 0x00000000c9700000| Untracked 
| 152|0x00000000c9800000, 0x00000000c9800000, 0x00000000c9900000|  0%| F|  |TAMS 0x00000000c9800000, 0x00000000c9800000| Untracked 
| 153|0x00000000c9900000, 0x00000000c9900000, 0x00000000c9a00000|  0%| F|  |TAMS 0x00000000c9900000, 0x00000000c9900000| Untracked 
| 154|0x00000000c9a00000, 0x00000000c9a00000, 0x00000000c9b00000|  0%| F|  |TAMS 0x00000000c9a00000, 0x00000000c9a00000| Untracked 
| 155|0x00000000c9b00000, 0x00000000c9c00000, 0x00000000c9c00000|100%| O|  |TAMS 0x00000000c9b00000, 0x00000000c9b00000| Untracked 
| 156|0x00000000c9c00000, 0x00000000c9d00000, 0x00000000c9d00000|100%| O|  |TAMS 0x00000000c9d00000, 0x00000000c9c00000| Untracked 
| 157|0x00000000c9d00000, 0x00000000c9e00000, 0x00000000c9e00000|100%| O|  |TAMS 0x00000000c9e00000, 0x00000000c9d00000| Untracked 
| 158|0x00000000c9e00000, 0x00000000c9f00000, 0x00000000c9f00000|100%| O|  |TAMS 0x00000000c9e00000, 0x00000000c9e00000| Untracked 
| 159|0x00000000c9f00000, 0x00000000ca000000, 0x00000000ca000000|100%|HS|  |TAMS 0x00000000c9f00000, 0x00000000c9f00000| Complete 
| 160|0x00000000ca000000, 0x00000000ca100000, 0x00000000ca100000|100%|HS|  |TAMS 0x00000000ca100000, 0x00000000ca000000| Complete 
| 161|0x00000000ca100000, 0x00000000ca200000, 0x00000000ca200000|100%|HC|  |TAMS 0x00000000ca200000, 0x00000000ca100000| Complete 
| 162|0x00000000ca200000, 0x00000000ca300000, 0x00000000ca300000|100%| O|  |TAMS 0x00000000ca300000, 0x00000000ca200000| Untracked 
| 163|0x00000000ca300000, 0x00000000ca400000, 0x00000000ca400000|100%| O|  |TAMS 0x00000000ca400000, 0x00000000ca300000| Untracked 
| 164|0x00000000ca400000, 0x00000000ca500000, 0x00000000ca500000|100%| O|  |TAMS 0x00000000ca500000, 0x00000000ca400000| Untracked 
| 165|0x00000000ca500000, 0x00000000ca600000, 0x00000000ca600000|100%| O|  |TAMS 0x00000000ca600000, 0x00000000ca500000| Untracked 
| 166|0x00000000ca600000, 0x00000000ca700000, 0x00000000ca700000|100%| O|  |TAMS 0x00000000ca700000, 0x00000000ca600000| Untracked 
| 167|0x00000000ca700000, 0x00000000ca800000, 0x00000000ca800000|100%| O|  |TAMS 0x00000000ca800000, 0x00000000ca700000| Untracked 
| 168|0x00000000ca800000, 0x00000000ca900000, 0x00000000ca900000|100%| O|  |TAMS 0x00000000ca900000, 0x00000000ca800000| Untracked 
| 169|0x00000000ca900000, 0x00000000caa00000, 0x00000000caa00000|100%| O|  |TAMS 0x00000000caa00000, 0x00000000ca900000| Untracked 
| 170|0x00000000caa00000, 0x00000000cab00000, 0x00000000cab00000|100%| O|  |TAMS 0x00000000caa00000, 0x00000000caa00000| Untracked 
| 171|0x00000000cab00000, 0x00000000cac00000, 0x00000000cac00000|100%|HS|  |TAMS 0x00000000cab00000, 0x00000000cab00000| Complete 
| 172|0x00000000cac00000, 0x00000000cad00000, 0x00000000cad00000|100%|HC|  |TAMS 0x00000000cac00000, 0x00000000cac00000| Complete 
| 173|0x00000000cad00000, 0x00000000cae00000, 0x00000000cae00000|100%|HC|  |TAMS 0x00000000cad00000, 0x00000000cad00000| Complete 
| 174|0x00000000cae00000, 0x00000000caf00000, 0x00000000caf00000|100%|HC|  |TAMS 0x00000000cae00000, 0x00000000cae00000| Complete 
| 175|0x00000000caf00000, 0x00000000cb000000, 0x00000000cb000000|100%|HC|  |TAMS 0x00000000caf00000, 0x00000000caf00000| Complete 
| 176|0x00000000cb000000, 0x00000000cb100000, 0x00000000cb100000|100%|HC|  |TAMS 0x00000000cb000000, 0x00000000cb000000| Complete 
| 177|0x00000000cb100000, 0x00000000cb200000, 0x00000000cb200000|100%|HC|  |TAMS 0x00000000cb100000, 0x00000000cb100000| Complete 
| 178|0x00000000cb200000, 0x00000000cb300000, 0x00000000cb300000|100%|HC|  |TAMS 0x00000000cb200000, 0x00000000cb200000| Complete 
| 179|0x00000000cb300000, 0x00000000cb400000, 0x00000000cb400000|100%|HC|  |TAMS 0x00000000cb300000, 0x00000000cb300000| Complete 
| 180|0x00000000cb400000, 0x00000000cb500000, 0x00000000cb500000|100%|HS|  |TAMS 0x00000000cb400000, 0x00000000cb400000| Complete 
| 181|0x00000000cb500000, 0x00000000cb500000, 0x00000000cb600000|  0%| F|  |TAMS 0x00000000cb500000, 0x00000000cb500000| Untracked 
| 182|0x00000000cb600000, 0x00000000cb700000, 0x00000000cb700000|100%|HS|  |TAMS 0x00000000cb600000, 0x00000000cb600000| Complete 
| 183|0x00000000cb700000, 0x00000000cb800000, 0x00000000cb800000|100%| O|  |TAMS 0x00000000cb700000, 0x00000000cb700000| Untracked 
| 184|0x00000000cb800000, 0x00000000cb900000, 0x00000000cb900000|100%| O|  |TAMS 0x00000000cb800000, 0x00000000cb800000| Untracked 
| 185|0x00000000cb900000, 0x00000000cba00000, 0x00000000cba00000|100%| O|  |TAMS 0x00000000cb900000, 0x00000000cb900000| Untracked 
| 186|0x00000000cba00000, 0x00000000cbb00000, 0x00000000cbb00000|100%| O|  |TAMS 0x00000000cba00000, 0x00000000cba00000| Untracked 
| 187|0x00000000cbb00000, 0x00000000cbc00000, 0x00000000cbc00000|100%| O|  |TAMS 0x00000000cbb00000, 0x00000000cbb00000| Untracked 
| 188|0x00000000cbc00000, 0x00000000cbc00000, 0x00000000cbd00000|  0%| F|  |TAMS 0x00000000cbc00000, 0x00000000cbc00000| Untracked 
| 189|0x00000000cbd00000, 0x00000000cbe00000, 0x00000000cbe00000|100%|HS|  |TAMS 0x00000000cbd00000, 0x00000000cbd00000| Complete 
| 190|0x00000000cbe00000, 0x00000000cbf00000, 0x00000000cbf00000|100%| O|  |TAMS 0x00000000cbe00000, 0x00000000cbe00000| Untracked 
| 191|0x00000000cbf00000, 0x00000000cc000000, 0x00000000cc000000|100%| O|  |TAMS 0x00000000cbf00000, 0x00000000cbf00000| Untracked 
| 192|0x00000000cc000000, 0x00000000cc100000, 0x00000000cc100000|100%|HS|  |TAMS 0x00000000cc000000, 0x00000000cc000000| Complete 
| 193|0x00000000cc100000, 0x00000000cc200000, 0x00000000cc200000|100%| O|  |TAMS 0x00000000cc100000, 0x00000000cc100000| Untracked 
| 194|0x00000000cc200000, 0x00000000cc200000, 0x00000000cc300000|  0%| F|  |TAMS 0x00000000cc200000, 0x00000000cc200000| Untracked 
| 195|0x00000000cc300000, 0x00000000cc400000, 0x00000000cc400000|100%|HS|  |TAMS 0x00000000cc300000, 0x00000000cc300000| Complete 
| 196|0x00000000cc400000, 0x00000000cc500000, 0x00000000cc500000|100%|HS|  |TAMS 0x00000000cc400000, 0x00000000cc400000| Complete 
| 197|0x00000000cc500000, 0x00000000cc600000, 0x00000000cc600000|100%|HC|  |TAMS 0x00000000cc500000, 0x00000000cc500000| Complete 
| 198|0x00000000cc600000, 0x00000000cc700000, 0x00000000cc700000|100%|HC|  |TAMS 0x00000000cc600000, 0x00000000cc600000| Complete 
| 199|0x00000000cc700000, 0x00000000cc800000, 0x00000000cc800000|100%|HC|  |TAMS 0x00000000cc700000, 0x00000000cc700000| Complete 
| 200|0x00000000cc800000, 0x00000000cc900000, 0x00000000cc900000|100%|HC|  |TAMS 0x00000000cc800000, 0x00000000cc800000| Complete 
| 201|0x00000000cc900000, 0x00000000cca00000, 0x00000000cca00000|100%|HC|  |TAMS 0x00000000cc900000, 0x00000000cc900000| Complete 
| 202|0x00000000cca00000, 0x00000000ccb00000, 0x00000000ccb00000|100%|HC|  |TAMS 0x00000000cca00000, 0x00000000cca00000| Complete 
| 203|0x00000000ccb00000, 0x00000000ccc00000, 0x00000000ccc00000|100%|HC|  |TAMS 0x00000000ccb00000, 0x00000000ccb00000| Complete 
| 204|0x00000000ccc00000, 0x00000000ccd00000, 0x00000000ccd00000|100%|HC|  |TAMS 0x00000000ccc00000, 0x00000000ccc00000| Complete 
| 205|0x00000000ccd00000, 0x00000000cce00000, 0x00000000cce00000|100%|HS|  |TAMS 0x00000000ccd00000, 0x00000000ccd00000| Complete 
| 206|0x00000000cce00000, 0x00000000ccf00000, 0x00000000ccf00000|100%|HC|  |TAMS 0x00000000cce00000, 0x00000000cce00000| Complete 
| 207|0x00000000ccf00000, 0x00000000cd000000, 0x00000000cd000000|100%|HC|  |TAMS 0x00000000ccf00000, 0x00000000ccf00000| Complete 
| 208|0x00000000cd000000, 0x00000000cd100000, 0x00000000cd100000|100%|HC|  |TAMS 0x00000000cd000000, 0x00000000cd000000| Complete 
| 209|0x00000000cd100000, 0x00000000cd200000, 0x00000000cd200000|100%|HC|  |TAMS 0x00000000cd100000, 0x00000000cd100000| Complete 
| 210|0x00000000cd200000, 0x00000000cd300000, 0x00000000cd300000|100%|HC|  |TAMS 0x00000000cd200000, 0x00000000cd200000| Complete 
| 211|0x00000000cd300000, 0x00000000cd400000, 0x00000000cd400000|100%|HC|  |TAMS 0x00000000cd300000, 0x00000000cd300000| Complete 
| 212|0x00000000cd400000, 0x00000000cd500000, 0x00000000cd500000|100%|HC|  |TAMS 0x00000000cd400000, 0x00000000cd400000| Complete 
| 213|0x00000000cd500000, 0x00000000cd600000, 0x00000000cd600000|100%|HC|  |TAMS 0x00000000cd500000, 0x00000000cd500000| Complete 
| 214|0x00000000cd600000, 0x00000000cd600000, 0x00000000cd700000|  0%| F|  |TAMS 0x00000000cd600000, 0x00000000cd600000| Untracked 
| 215|0x00000000cd700000, 0x00000000cd800000, 0x00000000cd800000|100%| O|  |TAMS 0x00000000cd700000, 0x00000000cd700000| Untracked 
| 216|0x00000000cd800000, 0x00000000cd83a400, 0x00000000cd900000| 22%| O|  |TAMS 0x00000000cd800000, 0x00000000cd800000| Untracked 
| 217|0x00000000cd900000, 0x00000000cd900000, 0x00000000cda00000|  0%| F|  |TAMS 0x00000000cd900000, 0x00000000cd900000| Untracked 
| 218|0x00000000cda00000, 0x00000000cda00000, 0x00000000cdb00000|  0%| F|  |TAMS 0x00000000cda00000, 0x00000000cda00000| Untracked 
| 219|0x00000000cdb00000, 0x00000000cdb00000, 0x00000000cdc00000|  0%| F|  |TAMS 0x00000000cdb00000, 0x00000000cdb00000| Untracked 
| 220|0x00000000cdc00000, 0x00000000cdc00000, 0x00000000cdd00000|  0%| F|  |TAMS 0x00000000cdc00000, 0x00000000cdc00000| Untracked 
| 221|0x00000000cdd00000, 0x00000000cdd00000, 0x00000000cde00000|  0%| F|  |TAMS 0x00000000cdd00000, 0x00000000cdd00000| Untracked 
| 222|0x00000000cde00000, 0x00000000cde00000, 0x00000000cdf00000|  0%| F|  |TAMS 0x00000000cde00000, 0x00000000cde00000| Untracked 
| 223|0x00000000cdf00000, 0x00000000cdf00000, 0x00000000ce000000|  0%| F|  |TAMS 0x00000000cdf00000, 0x00000000cdf00000| Untracked 
| 224|0x00000000ce000000, 0x00000000ce000000, 0x00000000ce100000|  0%| F|  |TAMS 0x00000000ce000000, 0x00000000ce000000| Untracked 
| 225|0x00000000ce100000, 0x00000000ce100000, 0x00000000ce200000|  0%| F|  |TAMS 0x00000000ce100000, 0x00000000ce100000| Untracked 
| 226|0x00000000ce200000, 0x00000000ce200000, 0x00000000ce300000|  0%| F|  |TAMS 0x00000000ce200000, 0x00000000ce200000| Untracked 
| 227|0x00000000ce300000, 0x00000000ce300000, 0x00000000ce400000|  0%| F|  |TAMS 0x00000000ce300000, 0x00000000ce300000| Untracked 
| 228|0x00000000ce400000, 0x00000000ce400000, 0x00000000ce500000|  0%| F|  |TAMS 0x00000000ce400000, 0x00000000ce400000| Untracked 
| 229|0x00000000ce500000, 0x00000000ce500000, 0x00000000ce600000|  0%| F|  |TAMS 0x00000000ce500000, 0x00000000ce500000| Untracked 
| 230|0x00000000ce600000, 0x00000000ce600000, 0x00000000ce700000|  0%| F|  |TAMS 0x00000000ce600000, 0x00000000ce600000| Untracked 
| 231|0x00000000ce700000, 0x00000000ce700000, 0x00000000ce800000|  0%| F|  |TAMS 0x00000000ce700000, 0x00000000ce700000| Untracked 
| 232|0x00000000ce800000, 0x00000000ce800000, 0x00000000ce900000|  0%| F|  |TAMS 0x00000000ce800000, 0x00000000ce800000| Untracked 
| 233|0x00000000ce900000, 0x00000000ce900000, 0x00000000cea00000|  0%| F|  |TAMS 0x00000000ce900000, 0x00000000ce900000| Untracked 
| 234|0x00000000cea00000, 0x00000000cea00000, 0x00000000ceb00000|  0%| F|  |TAMS 0x00000000cea00000, 0x00000000cea00000| Untracked 
| 235|0x00000000ceb00000, 0x00000000ceb00000, 0x00000000cec00000|  0%| F|  |TAMS 0x00000000ceb00000, 0x00000000ceb00000| Untracked 
| 236|0x00000000cec00000, 0x00000000cec00000, 0x00000000ced00000|  0%| F|  |TAMS 0x00000000cec00000, 0x00000000cec00000| Untracked 
| 237|0x00000000ced00000, 0x00000000ced00000, 0x00000000cee00000|  0%| F|  |TAMS 0x00000000ced00000, 0x00000000ced00000| Untracked 
| 238|0x00000000cee00000, 0x00000000cee00000, 0x00000000cef00000|  0%| F|  |TAMS 0x00000000cee00000, 0x00000000cee00000| Untracked 
| 239|0x00000000cef00000, 0x00000000cef00000, 0x00000000cf000000|  0%| F|  |TAMS 0x00000000cef00000, 0x00000000cef00000| Untracked 
| 240|0x00000000cf000000, 0x00000000cf000000, 0x00000000cf100000|  0%| F|  |TAMS 0x00000000cf000000, 0x00000000cf000000| Untracked 
| 241|0x00000000cf100000, 0x00000000cf100000, 0x00000000cf200000|  0%| F|  |TAMS 0x00000000cf100000, 0x00000000cf100000| Untracked 
| 242|0x00000000cf200000, 0x00000000cf200000, 0x00000000cf300000|  0%| F|  |TAMS 0x00000000cf200000, 0x00000000cf200000| Untracked 
| 243|0x00000000cf300000, 0x00000000cf300000, 0x00000000cf400000|  0%| F|  |TAMS 0x00000000cf300000, 0x00000000cf300000| Untracked 
| 244|0x00000000cf400000, 0x00000000cf400000, 0x00000000cf500000|  0%| F|  |TAMS 0x00000000cf400000, 0x00000000cf400000| Untracked 
| 245|0x00000000cf500000, 0x00000000cf500000, 0x00000000cf600000|  0%| F|  |TAMS 0x00000000cf500000, 0x00000000cf500000| Untracked 
| 246|0x00000000cf600000, 0x00000000cf600000, 0x00000000cf700000|  0%| F|  |TAMS 0x00000000cf600000, 0x00000000cf600000| Untracked 
| 247|0x00000000cf700000, 0x00000000cf700000, 0x00000000cf800000|  0%| F|  |TAMS 0x00000000cf700000, 0x00000000cf700000| Untracked 
| 248|0x00000000cf800000, 0x00000000cf800000, 0x00000000cf900000|  0%| F|  |TAMS 0x00000000cf800000, 0x00000000cf800000| Untracked 
| 249|0x00000000cf900000, 0x00000000cf900000, 0x00000000cfa00000|  0%| F|  |TAMS 0x00000000cf900000, 0x00000000cf900000| Untracked 
| 250|0x00000000cfa00000, 0x00000000cfa00000, 0x00000000cfb00000|  0%| F|  |TAMS 0x00000000cfa00000, 0x00000000cfa00000| Untracked 
| 251|0x00000000cfb00000, 0x00000000cfb00000, 0x00000000cfc00000|  0%| F|  |TAMS 0x00000000cfb00000, 0x00000000cfb00000| Untracked 
| 252|0x00000000cfc00000, 0x00000000cfc00000, 0x00000000cfd00000|  0%| F|  |TAMS 0x00000000cfc00000, 0x00000000cfc00000| Untracked 
| 253|0x00000000cfd00000, 0x00000000cfd00000, 0x00000000cfe00000|  0%| F|  |TAMS 0x00000000cfd00000, 0x00000000cfd00000| Untracked 
| 254|0x00000000cfe00000, 0x00000000cfe00000, 0x00000000cff00000|  0%| F|  |TAMS 0x00000000cfe00000, 0x00000000cfe00000| Untracked 
| 255|0x00000000cff00000, 0x00000000cff00000, 0x00000000d0000000|  0%| F|  |TAMS 0x00000000cff00000, 0x00000000cff00000| Untracked 
| 256|0x00000000d0000000, 0x00000000d0000000, 0x00000000d0100000|  0%| F|  |TAMS 0x00000000d0000000, 0x00000000d0000000| Untracked 
| 257|0x00000000d0100000, 0x00000000d0100000, 0x00000000d0200000|  0%| F|  |TAMS 0x00000000d0100000, 0x00000000d0100000| Untracked 
| 258|0x00000000d0200000, 0x00000000d0200000, 0x00000000d0300000|  0%| F|  |TAMS 0x00000000d0200000, 0x00000000d0200000| Untracked 
| 259|0x00000000d0300000, 0x00000000d0300000, 0x00000000d0400000|  0%| F|  |TAMS 0x00000000d0300000, 0x00000000d0300000| Untracked 
| 260|0x00000000d0400000, 0x00000000d0400000, 0x00000000d0500000|  0%| F|  |TAMS 0x00000000d0400000, 0x00000000d0400000| Untracked 
| 261|0x00000000d0500000, 0x00000000d0500000, 0x00000000d0600000|  0%| F|  |TAMS 0x00000000d0500000, 0x00000000d0500000| Untracked 
| 262|0x00000000d0600000, 0x00000000d0600000, 0x00000000d0700000|  0%| F|  |TAMS 0x00000000d0600000, 0x00000000d0600000| Untracked 
| 263|0x00000000d0700000, 0x00000000d0700000, 0x00000000d0800000|  0%| F|  |TAMS 0x00000000d0700000, 0x00000000d0700000| Untracked 
| 264|0x00000000d0800000, 0x00000000d0800000, 0x00000000d0900000|  0%| F|  |TAMS 0x00000000d0800000, 0x00000000d0800000| Untracked 
| 265|0x00000000d0900000, 0x00000000d0900000, 0x00000000d0a00000|  0%| F|  |TAMS 0x00000000d0900000, 0x00000000d0900000| Untracked 
| 266|0x00000000d0a00000, 0x00000000d0a00000, 0x00000000d0b00000|  0%| F|  |TAMS 0x00000000d0a00000, 0x00000000d0a00000| Untracked 
| 267|0x00000000d0b00000, 0x00000000d0b00000, 0x00000000d0c00000|  0%| F|  |TAMS 0x00000000d0b00000, 0x00000000d0b00000| Untracked 
| 268|0x00000000d0c00000, 0x00000000d0c00000, 0x00000000d0d00000|  0%| F|  |TAMS 0x00000000d0c00000, 0x00000000d0c00000| Untracked 
| 269|0x00000000d0d00000, 0x00000000d0d00000, 0x00000000d0e00000|  0%| F|  |TAMS 0x00000000d0d00000, 0x00000000d0d00000| Untracked 
| 270|0x00000000d0e00000, 0x00000000d0e00000, 0x00000000d0f00000|  0%| F|  |TAMS 0x00000000d0e00000, 0x00000000d0e00000| Untracked 
| 271|0x00000000d0f00000, 0x00000000d0f00000, 0x00000000d1000000|  0%| F|  |TAMS 0x00000000d0f00000, 0x00000000d0f00000| Untracked 
| 272|0x00000000d1000000, 0x00000000d1000000, 0x00000000d1100000|  0%| F|  |TAMS 0x00000000d1000000, 0x00000000d1000000| Untracked 
| 273|0x00000000d1100000, 0x00000000d1100000, 0x00000000d1200000|  0%| F|  |TAMS 0x00000000d1100000, 0x00000000d1100000| Untracked 
| 274|0x00000000d1200000, 0x00000000d1300000, 0x00000000d1300000|100%| S|CS|TAMS 0x00000000d1200000, 0x00000000d1200000| Complete 
| 275|0x00000000d1300000, 0x00000000d1300000, 0x00000000d1400000|  0%| F|  |TAMS 0x00000000d1300000, 0x00000000d1300000| Untracked 
| 276|0x00000000d1400000, 0x00000000d1400000, 0x00000000d1500000|  0%| F|  |TAMS 0x00000000d1400000, 0x00000000d1400000| Untracked 
| 277|0x00000000d1500000, 0x00000000d1500000, 0x00000000d1600000|  0%| F|  |TAMS 0x00000000d1500000, 0x00000000d1500000| Untracked 
| 278|0x00000000d1600000, 0x00000000d1600000, 0x00000000d1700000|  0%| F|  |TAMS 0x00000000d1600000, 0x00000000d1600000| Untracked 
| 279|0x00000000d1700000, 0x00000000d1700000, 0x00000000d1800000|  0%| F|  |TAMS 0x00000000d1700000, 0x00000000d1700000| Untracked 
| 280|0x00000000d1800000, 0x00000000d1800000, 0x00000000d1900000|  0%| F|  |TAMS 0x00000000d1800000, 0x00000000d1800000| Untracked 
| 281|0x00000000d1900000, 0x00000000d19979a0, 0x00000000d1a00000| 59%| E|  |TAMS 0x00000000d1900000, 0x00000000d1900000| Complete 
| 282|0x00000000d1a00000, 0x00000000d1b00000, 0x00000000d1b00000|100%| E|CS|TAMS 0x00000000d1a00000, 0x00000000d1a00000| Complete 
| 283|0x00000000d1b00000, 0x00000000d1c00000, 0x00000000d1c00000|100%| E|CS|TAMS 0x00000000d1b00000, 0x00000000d1b00000| Complete 
| 284|0x00000000d1c00000, 0x00000000d1d00000, 0x00000000d1d00000|100%| E|CS|TAMS 0x00000000d1c00000, 0x00000000d1c00000| Complete 
| 285|0x00000000d1d00000, 0x00000000d1e00000, 0x00000000d1e00000|100%| E|CS|TAMS 0x00000000d1d00000, 0x00000000d1d00000| Complete 
| 286|0x00000000d1e00000, 0x00000000d1f00000, 0x00000000d1f00000|100%| E|CS|TAMS 0x00000000d1e00000, 0x00000000d1e00000| Complete 

Card table byte_map: [0x000001601bed0000,0x000001601c0d0000] _byte_map_base: 0x000001601b8d0000

Marking Bits (Prev, Next): (CMBitMap*) 0x00000160034a2fe8, (CMBitMap*) 0x00000160034a3020
 Prev Bits: [0x000001601c2d0000, 0x000001601d2d0000)
 Next Bits: [0x000001601d2d0000, 0x000001601e2d0000)

Polling page: 0x0000016003540000

Metaspace:

Usage:
  Non-class:    107.89 MB capacity,   102.27 MB ( 95%) used,     5.28 MB (  5%) free+waste,   351.38 KB ( <1%) overhead. 
      Class:     16.32 MB capacity,    13.33 MB ( 82%) used,     2.82 MB ( 17%) free+waste,   178.13 KB (  1%) overhead. 
       Both:    124.21 MB capacity,   115.59 MB ( 93%) used,     8.10 MB (  7%) free+waste,   529.50 KB ( <1%) overhead. 

Virtual space:
  Non-class space:      108.00 MB reserved,     107.91 MB (>99%) committed 
      Class space:        1.00 GB reserved,      16.38 MB (  2%) committed 
             Both:        1.11 GB reserved,     124.29 MB ( 11%) committed 

Chunk freelists:
   Non-Class:  19.00 KB
       Class:  22.00 KB
        Both:  41.00 KB

MaxMetaspaceSize: 17179869184.00 GB
CompressedClassSpaceSize: 1.00 GB
Initial GC threshold: 20.80 MB
Current GC threshold: 205.89 MB
CDS: off

CodeHeap 'non-profiled nmethods': size=120064Kb used=14619Kb max_used=14776Kb free=105444Kb
 bounds [0x0000016014160000, 0x0000016014fd0000, 0x000001601b6a0000]
CodeHeap 'profiled nmethods': size=120000Kb used=37196Kb max_used=37196Kb free=82804Kb
 bounds [0x000001600cc30000, 0x000001600f090000, 0x0000016014160000]
CodeHeap 'non-nmethods': size=5696Kb used=1666Kb max_used=1739Kb free=4029Kb
 bounds [0x000001600c6a0000, 0x000001600c910000, 0x000001600cc30000]
 total_blobs=16118 nmethods=15073 adapters=955
 compilation: enabled
              stopped_count=0, restarted_count=0
 full_count=0

Compilation events (20 events):
Event: 341.111 Thread 0x00000160211d2000 nmethod 18168 0x0000016014fcc210 code [0x0000016014fcc3a0, 0x0000016014fcc4d8]
Event: 341.111 Thread 0x00000160211d2000 18169       4       org.eclipse.core.internal.jobs.JobManager$$Lambda$207/0x0000000100374c40::applyAsLong (9 bytes)
Event: 341.112 Thread 0x00000160211d2000 nmethod 18169 0x0000016014fcc610 code [0x0000016014fcc7a0, 0x0000016014fcc858]
Event: 341.270 Thread 0x00000160211d2000 18170       4       org.eclipse.cdt.internal.core.parser.scanner.ScannerContext::setBranchState (52 bytes)
Event: 341.278 Thread 0x00000160211d2000 nmethod 18170 0x0000016014fcc910 code [0x0000016014fccac0, 0x0000016014fccd18]
Event: 341.299 Thread 0x00000160211d3800 18171       3       org.eclipse.cdt.internal.core.index.CIndex::getFiles (167 bytes)
Event: 341.315 Thread 0x00000160211d3800 nmethod 18171 0x000001600f054810 code [0x000001600f054bc0, 0x000001600f056a48]
Event: 341.349 Thread 0x00000160211d3800 18172       3       org.eclipse.cdt.internal.core.parser.scanner.IncludeGuardDetection::detectIncludeGuard (39 bytes)
Event: 341.352 Thread 0x00000160211d2000 18174       4       org.eclipse.cdt.internal.core.dom.parser.cpp.GNUCPPSourceParser::buildNamedTypeSpecifier (47 bytes)
Event: 341.358 Thread 0x00000160211d3800 nmethod 18172 0x000001600f057590 code [0x000001600f057780, 0x000001600f057b78]
Event: 341.358 Thread 0x00000160211d3800 18173   !   3       org.eclipse.cdt.internal.core.dom.parser.ASTTranslationUnit::parsingFile (78 bytes)
Event: 341.371 Thread 0x00000160211d3800 nmethod 18173 0x000001600f057d90 code [0x000001600f057fc0, 0x000001600f0588b8]
Event: 341.377 Thread 0x00000160211d3800 18175       3       org.eclipse.cdt.internal.core.dom.parser.cpp.GNUCPPSourceParser::bracedOrCtorStyleInitializer (25 bytes)
Event: 341.389 Thread 0x00000160211d3800 nmethod 18175 0x000001600f058d10 code [0x000001600f058f00, 0x000001600f0592d8]
Event: 341.389 Thread 0x00000160211d2000 nmethod 18174 0x0000016014fccf90 code [0x0000016014fcd160, 0x0000016014fcd998]
Event: 341.390 Thread 0x00000160211d2000 18176   !   4       org.eclipse.cdt.internal.core.dom.parser.AbstractGNUSourceCodeParser::declSpecifierSequence_initDeclarator (343 bytes)
Event: 341.393 Thread 0x00000160211d3800 18179       3       org.eclipse.cdt.internal.core.dom.parser.cpp.GNUCPPSourceParser::bracedInitList (152 bytes)
Event: 341.397 Thread 0x00000160211d3800 nmethod 18179 0x000001600f059490 code [0x000001600f0598e0, 0x000001600f05c0a8]
Event: 341.654 Thread 0x00000160211d3800 18180       3       org.eclipse.cdt.internal.core.dom.parser.cpp.CPPASTFunctionDeclarator::setConst (10 bytes)
Event: 341.655 Thread 0x00000160211d3800 nmethod 18180 0x000001600f05cc10 code [0x000001600f05cde0, 0x000001600f05d048]

GC Heap History (20 events):
Event: 314.682 GC heap before
{Heap before GC invocations=63 (full 0):
 garbage-first heap   total 262144K, used 199086K [0x00000000c0000000, 0x0000000100000000)
  region size 1024K, 12 young (12288K), 2 survivors (2048K)
 Metaspace       used 117629K, capacity 126383K, committed 126500K, reserved 1159168K
  class space    used 13605K, capacity 16680K, committed 16768K, reserved 1048576K
}
Event: 314.780 GC heap after
{Heap after GC invocations=64 (full 0):
 garbage-first heap   total 293888K, used 179583K [0x00000000c0000000, 0x0000000100000000)
  region size 1024K, 2 young (2048K), 2 survivors (2048K)
 Metaspace       used 117629K, capacity 126383K, committed 126500K, reserved 1159168K
  class space    used 13605K, capacity 16680K, committed 16768K, reserved 1048576K
}
Event: 316.612 GC heap before
{Heap before GC invocations=64 (full 0):
 garbage-first heap   total 293888K, used 209279K [0x00000000c0000000, 0x0000000100000000)
  region size 1024K, 14 young (14336K), 2 survivors (2048K)
 Metaspace       used 117644K, capacity 126383K, committed 126500K, reserved 1159168K
  class space    used 13605K, capacity 16680K, committed 16768K, reserved 1048576K
}
Event: 316.651 GC heap after
{Heap after GC invocations=65 (full 0):
 garbage-first heap   total 293888K, used 182542K [0x00000000c0000000, 0x0000000100000000)
  region size 1024K, 2 young (2048K), 2 survivors (2048K)
 Metaspace       used 117644K, capacity 126383K, committed 126500K, reserved 1159168K
  class space    used 13605K, capacity 16680K, committed 16768K, reserved 1048576K
}
Event: 317.940 GC heap before
{Heap before GC invocations=65 (full 0):
 garbage-first heap   total 293888K, used 199950K [0x00000000c0000000, 0x0000000100000000)
  region size 1024K, 14 young (14336K), 2 survivors (2048K)
 Metaspace       used 117649K, capacity 126447K, committed 126756K, reserved 1159168K
  class space    used 13605K, capacity 16680K, committed 16768K, reserved 1048576K
}
Event: 318.004 GC heap after
{Heap after GC invocations=66 (full 0):
 garbage-first heap   total 293888K, used 187626K [0x00000000c0000000, 0x0000000100000000)
  region size 1024K, 2 young (2048K), 2 survivors (2048K)
 Metaspace       used 117649K, capacity 126447K, committed 126756K, reserved 1159168K
  class space    used 13605K, capacity 16680K, committed 16768K, reserved 1048576K
}
Event: 326.900 GC heap before
{Heap before GC invocations=66 (full 0):
 garbage-first heap   total 293888K, used 211178K [0x00000000c0000000, 0x0000000100000000)
  region size 1024K, 14 young (14336K), 2 survivors (2048K)
 Metaspace       used 117924K, capacity 126703K, committed 127012K, reserved 1159168K
  class space    used 13620K, capacity 16680K, committed 16768K, reserved 1048576K
}
Event: 327.121 GC heap after
{Heap after GC invocations=67 (full 0):
 garbage-first heap   total 293888K, used 188989K [0x00000000c0000000, 0x0000000100000000)
  region size 1024K, 2 young (2048K), 2 survivors (2048K)
 Metaspace       used 117924K, capacity 126703K, committed 127012K, reserved 1159168K
  class space    used 13620K, capacity 16680K, committed 16768K, reserved 1048576K
}
Event: 329.031 GC heap before
{Heap before GC invocations=67 (full 0):
 garbage-first heap   total 293888K, used 215613K [0x00000000c0000000, 0x0000000100000000)
  region size 1024K, 14 young (14336K), 2 survivors (2048K)
 Metaspace       used 118049K, capacity 126831K, committed 127012K, reserved 1159168K
  class space    used 13627K, capacity 16680K, committed 16768K, reserved 1048576K
}
Event: 330.047 GC heap after
{Heap after GC invocations=68 (full 0):
 garbage-first heap   total 293888K, used 200161K [0x00000000c0000000, 0x0000000100000000)
  region size 1024K, 2 young (2048K), 2 survivors (2048K)
 Metaspace       used 118049K, capacity 126831K, committed 127012K, reserved 1159168K
  class space    used 13627K, capacity 16680K, committed 16768K, reserved 1048576K
}
Event: 332.685 GC heap before
{Heap before GC invocations=68 (full 0):
 garbage-first heap   total 293888K, used 223713K [0x00000000c0000000, 0x0000000100000000)
  region size 1024K, 14 young (14336K), 2 survivors (2048K)
 Metaspace       used 118097K, capacity 126895K, committed 127012K, reserved 1159168K
  class space    used 13628K, capacity 16680K, committed 16768K, reserved 1048576K
}
Event: 332.738 GC heap after
{Heap after GC invocations=69 (full 0):
 garbage-first heap   total 293888K, used 192281K [0x00000000c0000000, 0x0000000100000000)
  region size 1024K, 2 young (2048K), 2 survivors (2048K)
 Metaspace       used 118097K, capacity 126895K, committed 127012K, reserved 1159168K
  class space    used 13628K, capacity 16680K, committed 16768K, reserved 1048576K
}
Event: 335.759 GC heap before
{Heap before GC invocations=69 (full 0):
 garbage-first heap   total 293888K, used 204569K [0x00000000c0000000, 0x0000000100000000)
  region size 1024K, 14 young (14336K), 2 survivors (2048K)
 Metaspace       used 118288K, capacity 127131K, committed 127268K, reserved 1159168K
  class space    used 13644K, capacity 16714K, committed 16768K, reserved 1048576K
}
Event: 335.792 GC heap after
{Heap after GC invocations=70 (full 0):
 garbage-first heap   total 293888K, used 193772K [0x00000000c0000000, 0x0000000100000000)
  region size 1024K, 2 young (2048K), 2 survivors (2048K)
 Metaspace       used 118288K, capacity 127131K, committed 127268K, reserved 1159168K
  class space    used 13644K, capacity 16714K, committed 16768K, reserved 1048576K
}
Event: 336.337 GC heap before
{Heap before GC invocations=70 (full 0):
 garbage-first heap   total 293888K, used 206060K [0x00000000c0000000, 0x0000000100000000)
  region size 1024K, 14 young (14336K), 2 survivors (2048K)
 Metaspace       used 118342K, capacity 127131K, committed 127268K, reserved 1159168K
  class space    used 13644K, capacity 16714K, committed 16768K, reserved 1048576K
}
Event: 336.355 GC heap after
{Heap after GC invocations=71 (full 0):
 garbage-first heap   total 293888K, used 195157K [0x00000000c0000000, 0x0000000100000000)
  region size 1024K, 2 young (2048K), 2 survivors (2048K)
 Metaspace       used 118342K, capacity 127131K, committed 127268K, reserved 1159168K
  class space    used 13644K, capacity 16714K, committed 16768K, reserved 1048576K
}
Event: 339.722 GC heap before
{Heap before GC invocations=71 (full 0):
 garbage-first heap   total 293888K, used 218709K [0x00000000c0000000, 0x0000000100000000)
  region size 1024K, 14 young (14336K), 2 survivors (2048K)
 Metaspace       used 118352K, capacity 127131K, committed 127268K, reserved 1159168K
  class space    used 13645K, capacity 16714K, committed 16768K, reserved 1048576K
}
Event: 339.906 GC heap after
{Heap after GC invocations=72 (full 0):
 garbage-first heap   total 293888K, used 206088K [0x00000000c0000000, 0x0000000100000000)
  region size 1024K, 2 young (2048K), 2 survivors (2048K)
 Metaspace       used 118352K, capacity 127131K, committed 127268K, reserved 1159168K
  class space    used 13645K, capacity 16714K, committed 16768K, reserved 1048576K
}
Event: 340.724 GC heap before
{Heap before GC invocations=72 (full 0):
 garbage-first heap   total 293888K, used 232712K [0x00000000c0000000, 0x0000000100000000)
  region size 1024K, 14 young (14336K), 2 survivors (2048K)
 Metaspace       used 118356K, capacity 127131K, committed 127268K, reserved 1159168K
  class space    used 13645K, capacity 16714K, committed 16768K, reserved 1048576K
}
Event: 340.805 GC heap after
{Heap after GC invocations=73 (full 0):
 garbage-first heap   total 293888K, used 207081K [0x00000000c0000000, 0x0000000100000000)
  region size 1024K, 1 young (1024K), 1 survivors (1024K)
 Metaspace       used 118356K, capacity 127131K, committed 127268K, reserved 1159168K
  class space    used 13645K, capacity 16714K, committed 16768K, reserved 1048576K
}

Deoptimization events (20 events):
Event: 336.284 Thread 0x000001602bf6f800 DEOPT PACKING pc=0x0000016014e57f5c sp=0x00000019ed8fdfd0
Event: 336.284 Thread 0x000001602bf6f800 DEOPT UNPACKING pc=0x000001600c6a85af sp=0x00000019ed8fdfc0 mode 2
Event: 336.285 Thread 0x000001602bf6f800 DEOPT PACKING pc=0x000001600d8472c0 sp=0x00000019ed8fdd30
Event: 336.285 Thread 0x000001602bf6f800 DEOPT UNPACKING pc=0x000001600c6e9d0e sp=0x00000019ed8fd1d0 mode 0
Event: 336.297 Thread 0x000001602bf6f800 Uncommon trap: trap_request=0xffffff4d fr.pc=0x0000016014e4d61c relative=0x00000000000004bc
Event: 336.297 Thread 0x000001602bf6f800 Uncommon trap: reason=unstable_if action=reinterpret pc=0x0000016014e4d61c method=org.eclipse.cdt.internal.core.dom.parser.cpp.semantics.CPPVisitor.applyAttributes(Lorg/eclipse/cdt/core/dom/ast/IType;Lorg/eclipse/cdt/core/dom/ast/IASTDeclarator;)Lorg/ecli
Event: 336.297 Thread 0x000001602bf6f800 DEOPT PACKING pc=0x0000016014e4d61c sp=0x00000019ed8fdf20
Event: 336.297 Thread 0x000001602bf6f800 DEOPT UNPACKING pc=0x000001600c6a85af sp=0x00000019ed8fdf18 mode 2
Event: 336.370 Thread 0x000001602bf6f800 Uncommon trap: trap_request=0xffffff4d fr.pc=0x0000016014f92958 relative=0x0000000000001cf8
Event: 336.370 Thread 0x000001602bf6f800 Uncommon trap: reason=unstable_if action=reinterpret pc=0x0000016014f92958 method=org.eclipse.cdt.internal.core.dom.parser.cpp.ClassTypeHelper.getDeclaredMethods(Lorg/eclipse/cdt/internal/core/dom/parser/cpp/ICPPInternalClassTypeMixinHost;)[Lorg/eclipse/c
Event: 336.370 Thread 0x000001602bf6f800 DEOPT PACKING pc=0x0000016014f92958 sp=0x00000019ed8fdfa0
Event: 336.370 Thread 0x000001602bf6f800 DEOPT UNPACKING pc=0x000001600c6a85af sp=0x00000019ed8fdf28 mode 2
Event: 336.385 Thread 0x000001602bf6f800 DEOPT PACKING pc=0x000001600f007b5b sp=0x00000019ed8fe2b0
Event: 336.385 Thread 0x000001602bf6f800 DEOPT UNPACKING pc=0x000001600c6e9d0e sp=0x00000019ed8fd740 mode 0
Event: 338.276 Thread 0x000001602990d000 DEOPT PACKING pc=0x000001600cd5368a sp=0x00000019ee5fe140
Event: 338.288 Thread 0x000001602990d000 DEOPT UNPACKING pc=0x000001600c6e9d0e sp=0x00000019ee5fd5c8 mode 0
Event: 341.396 Thread 0x000001602bf6f800 Uncommon trap: trap_request=0xffffff4d fr.pc=0x00000160149a05a4 relative=0x0000000000001fc4
Event: 341.397 Thread 0x000001602bf6f800 Uncommon trap: reason=unstable_if action=reinterpret pc=0x00000160149a05a4 method=org.eclipse.cdt.internal.core.dom.parser.cpp.GNUCPPSourceParser.declarator(Ljava/util/List;ZLorg/eclipse/cdt/core/dom/ast/IASTName;Lorg/eclipse/cdt/core/dom/ast/IASTDeclarat
Event: 341.401 Thread 0x000001602bf6f800 DEOPT PACKING pc=0x00000160149a05a4 sp=0x00000019ed8fde90
Event: 341.401 Thread 0x000001602bf6f800 DEOPT UNPACKING pc=0x000001600c6a85af sp=0x00000019ed8fde30 mode 2

Classes redefined (0 events):
No events

Internal exceptions (20 events):
Event: 340.194 Thread 0x000001602bf6f800 Exception <a 'java/lang/ArrayIndexOutOfBoundsException'{0x00000000d1e1e0c0}> (0x00000000d1e1e0c0) thrown at [./src/hotspot/share/runtime/sharedRuntime.cpp, line 606]
Event: 340.194 Thread 0x000001602bf6f800 Exception <a 'java/lang/ArrayIndexOutOfBoundsException'{0x00000000d1e1e7e8}> (0x00000000d1e1e7e8) thrown at [./src/hotspot/share/runtime/sharedRuntime.cpp, line 606]
Event: 340.194 Thread 0x000001602bf6f800 Exception <a 'java/lang/ArrayIndexOutOfBoundsException'{0x00000000d1e1f2c8}> (0x00000000d1e1f2c8) thrown at [./src/hotspot/share/runtime/sharedRuntime.cpp, line 606]
Event: 340.194 Thread 0x000001602bf6f800 Exception <a 'java/lang/ArrayIndexOutOfBoundsException'{0x00000000d1e1f9f0}> (0x00000000d1e1f9f0) thrown at [./src/hotspot/share/runtime/sharedRuntime.cpp, line 606]
Event: 340.196 Thread 0x000001602bf6f800 Exception <a 'java/lang/ArrayIndexOutOfBoundsException'{0x00000000d1e273e0}> (0x00000000d1e273e0) thrown at [./src/hotspot/share/runtime/sharedRuntime.cpp, line 606]
Event: 340.196 Thread 0x000001602bf6f800 Exception <a 'java/lang/ArrayIndexOutOfBoundsException'{0x00000000d1e27b00}> (0x00000000d1e27b00) thrown at [./src/hotspot/share/runtime/sharedRuntime.cpp, line 606]
Event: 340.671 Thread 0x000001602bf6f800 Exception <a 'java/lang/ArrayIndexOutOfBoundsException'{0x00000000d1301840}> (0x00000000d1301840) thrown at [./src/hotspot/share/runtime/sharedRuntime.cpp, line 606]
Event: 340.671 Thread 0x000001602bf6f800 Exception <a 'java/lang/ArrayIndexOutOfBoundsException'{0x00000000d1302530}> (0x00000000d1302530) thrown at [./src/hotspot/share/runtime/sharedRuntime.cpp, line 606]
Event: 340.677 Thread 0x000001602bf6f800 Exception <a 'java/lang/ArrayIndexOutOfBoundsException'{0x00000000d1318800}> (0x00000000d1318800) thrown at [./src/hotspot/share/runtime/sharedRuntime.cpp, line 606]
Event: 340.806 Thread 0x000001602bf6f800 Exception <a 'java/lang/ArrayIndexOutOfBoundsException'{0x00000000d1e4aff8}> (0x00000000d1e4aff8) thrown at [./src/hotspot/share/runtime/sharedRuntime.cpp, line 606]
Event: 341.174 Thread 0x000001602bf6f800 Exception <a 'java/lang/ArrayIndexOutOfBoundsException'{0x00000000d1c1c118}> (0x00000000d1c1c118) thrown at [./src/hotspot/share/runtime/sharedRuntime.cpp, line 606]
Event: 341.174 Thread 0x000001602bf6f800 Exception <a 'java/lang/ArrayIndexOutOfBoundsException'{0x00000000d1c1f8f0}> (0x00000000d1c1f8f0) thrown at [./src/hotspot/share/runtime/sharedRuntime.cpp, line 606]
Event: 341.174 Thread 0x000001602bf6f800 Exception <a 'java/lang/ArrayIndexOutOfBoundsException'{0x00000000d1c20a08}> (0x00000000d1c20a08) thrown at [./src/hotspot/share/runtime/sharedRuntime.cpp, line 606]
Event: 341.174 Thread 0x000001602bf6f800 Exception <a 'java/lang/ArrayIndexOutOfBoundsException'{0x00000000d1c23948}> (0x00000000d1c23948) thrown at [./src/hotspot/share/runtime/sharedRuntime.cpp, line 606]
Event: 341.177 Thread 0x000001602bf6f800 Exception <a 'java/lang/ArrayIndexOutOfBoundsException'{0x00000000d1c37f88}> (0x00000000d1c37f88) thrown at [./src/hotspot/share/runtime/sharedRuntime.cpp, line 606]
Event: 341.177 Thread 0x000001602bf6f800 Exception <a 'java/lang/ArrayIndexOutOfBoundsException'{0x00000000d1c38d50}> (0x00000000d1c38d50) thrown at [./src/hotspot/share/runtime/sharedRuntime.cpp, line 606]
Event: 341.178 Thread 0x000001602bf6f800 Exception <a 'java/lang/ArrayIndexOutOfBoundsException'{0x00000000d1c47fc0}> (0x00000000d1c47fc0) thrown at [./src/hotspot/share/runtime/sharedRuntime.cpp, line 606]
Event: 341.178 Thread 0x000001602bf6f800 Exception <a 'java/lang/ArrayIndexOutOfBoundsException'{0x00000000d1c48a48}> (0x00000000d1c48a48) thrown at [./src/hotspot/share/runtime/sharedRuntime.cpp, line 606]
Event: 341.178 Thread 0x000001602bf6f800 Exception <a 'java/lang/ArrayIndexOutOfBoundsException'{0x00000000d1c4de70}> (0x00000000d1c4de70) thrown at [./src/hotspot/share/runtime/sharedRuntime.cpp, line 606]
Event: 341.653 Thread 0x000001602bf6f800 Exception <a 'java/lang/ArrayIndexOutOfBoundsException'{0x00000000d1a7ba40}> (0x00000000d1a7ba40) thrown at [./src/hotspot/share/runtime/sharedRuntime.cpp, line 606]

Events (20 events):
Event: 334.188 Executing VM operation: Deoptimize
Event: 334.969 Executing VM operation: Deoptimize done
Event: 334.985 Executing VM operation: Deoptimize
Event: 334.990 Executing VM operation: Deoptimize done
Event: 335.758 Executing VM operation: G1CollectForAllocation
Event: 335.792 Executing VM operation: G1CollectForAllocation done
Event: 336.089 Executing VM operation: BulkRevokeBias
Event: 336.089 Executing VM operation: BulkRevokeBias done
Event: 336.336 Executing VM operation: G1CollectForAllocation
Event: 336.355 Executing VM operation: G1CollectForAllocation done
Event: 339.719 Executing VM operation: G1CollectForAllocation
Event: 339.907 Executing VM operation: G1CollectForAllocation done
Event: 340.720 Executing VM operation: G1CollectForAllocation
Event: 340.805 Executing VM operation: G1CollectForAllocation done
Event: 341.195 Executing VM operation: RevokeBias
Event: 341.231 Executing VM operation: RevokeBias done
Event: 341.286 Executing VM operation: RevokeBias
Event: 341.286 Executing VM operation: RevokeBias done
Event: 341.304 Executing VM operation: RevokeBias
Event: 341.308 Executing VM operation: RevokeBias done


Dynamic libraries:
0x00007ff74d740000 - 0x00007ff74d7c4000 	C:\ST\STM32CubeIDE_1.12.0\STM32CubeIDE\stm32cubeide.exe
0x00007ffff8130000 - 0x00007ffff8344000 	C:\WINDOWS\SYSTEM32\ntdll.dll
0x00007ffff5f40000 - 0x00007ffff6003000 	C:\WINDOWS\System32\KERNEL32.DLL
0x00007ffff5ba0000 - 0x00007ffff5f3c000 	C:\WINDOWS\System32\KERNELBASE.dll
0x00007ffff1af0000 - 0x00007ffff1b87000 	C:\WINDOWS\SYSTEM32\apphelp.dll
0x00007ffff74b0000 - 0x00007ffff765d000 	C:\WINDOWS\System32\USER32.dll
0x00007ffff5660000 - 0x00007ffff5686000 	C:\WINDOWS\System32\win32u.dll
0x00007ffff6010000 - 0x00007ffff6039000 	C:\WINDOWS\System32\GDI32.dll
0x00007ffff5750000 - 0x00007ffff5863000 	C:\WINDOWS\System32\gdi32full.dll
0x00007ffff5b00000 - 0x00007ffff5b9a000 	C:\WINDOWS\System32\msvcp_win.dll
0x00007ffff59e0000 - 0x00007ffff5af1000 	C:\WINDOWS\System32\ucrtbase.dll
0x00007ffff47c0000 - 0x00007ffff4a4e000 	C:\WINDOWS\WinSxS\amd64_microsoft.windows.common-controls_6595b64144ccf1df_6.0.22621.608_none_a9444ca7c10bb01d\COMCTL32.dll
0x00007ffff6940000 - 0x00007ffff69e7000 	C:\WINDOWS\System32\msvcrt.dll
0x00007ffff6900000 - 0x00007ffff6931000 	C:\WINDOWS\System32\IMM32.DLL
0x00007fffc6380000 - 0x00007fffc63be000 	C:\ST\STM32CubeIDE_1.12.0\STM32CubeIDE\plugins\org.eclipse.equinox.launcher.win32.win32.x86_64_1.2.400.v20211117-0650\eclipse_11602.dll
0x00007ffff6670000 - 0x00007ffff671e000 	C:\WINDOWS\System32\ADVAPI32.dll
0x00007ffff76e0000 - 0x00007ffff7784000 	C:\WINDOWS\System32\sechost.dll
0x00007ffff63b0000 - 0x00007ffff64c5000 	C:\WINDOWS\System32\RPCRT4.dll
0x00007ffff7210000 - 0x00007ffff73ac000 	C:\WINDOWS\System32\ole32.dll
0x00007ffff6a00000 - 0x00007ffff6d89000 	C:\WINDOWS\System32\combase.dll
0x00007fffed4b0000 - 0x00007fffed4ba000 	C:\WINDOWS\SYSTEM32\VERSION.dll
0x00007fff5b090000 - 0x00007fff5bc12000 	C:\ST\STM32CubeIDE_1.12.0\STM32CubeIDE\plugins\com.st.stm32cube.ide.jre.win64_2.4.100.202301160955\jre\bin\server\jvm.dll
0x00007ffff73b0000 - 0x00007ffff73b8000 	C:\WINDOWS\System32\PSAPI.DLL
0x00007fffec050000 - 0x00007fffec059000 	C:\WINDOWS\SYSTEM32\WSOCK32.dll
0x00007ffff7660000 - 0x00007ffff76d1000 	C:\WINDOWS\System32\WS2_32.dll
0x00007fffee490000 - 0x00007fffee4c4000 	C:\WINDOWS\SYSTEM32\WINMM.dll
0x00007fffcb890000 - 0x00007fffcb8ab000 	C:\WINDOWS\SYSTEM32\VCRUNTIME140.dll
0x00007fffd3170000 - 0x00007fffd3180000 	C:\ST\STM32CubeIDE_1.12.0\STM32CubeIDE\plugins\com.st.stm32cube.ide.jre.win64_2.4.100.202301160955\jre\bin\verify.dll
0x00007ffff4f00000 - 0x00007ffff512e000 	C:\WINDOWS\SYSTEM32\DBGHELP.DLL
0x00007ffff73c0000 - 0x00007ffff7497000 	C:\WINDOWS\System32\OLEAUT32.dll
0x00007ffff4d60000 - 0x00007ffff4d92000 	C:\WINDOWS\SYSTEM32\dbgcore.DLL
0x00007ffff55e0000 - 0x00007ffff565b000 	C:\WINDOWS\System32\bcryptPrimitives.dll
0x00007fffc6d90000 - 0x00007fffc6db8000 	C:\ST\STM32CubeIDE_1.12.0\STM32CubeIDE\plugins\com.st.stm32cube.ide.jre.win64_2.4.100.202301160955\jre\bin\java.dll
0x00007fffd2dc0000 - 0x00007fffd2dca000 	C:\ST\STM32CubeIDE_1.12.0\STM32CubeIDE\plugins\com.st.stm32cube.ide.jre.win64_2.4.100.202301160955\jre\bin\jimage.dll
0x00007fffc6400000 - 0x00007fffc6418000 	C:\ST\STM32CubeIDE_1.12.0\STM32CubeIDE\plugins\com.st.stm32cube.ide.jre.win64_2.4.100.202301160955\jre\bin\zip.dll
0x00007ffff3da0000 - 0x00007ffff3db8000 	C:\WINDOWS\SYSTEM32\kernel.appcore.dll
0x00007ffff7790000 - 0x00007ffff7f80000 	C:\WINDOWS\System32\SHELL32.dll
0x00007ffff2bc0000 - 0x00007ffff348e000 	C:\WINDOWS\SYSTEM32\windows.storage.dll
0x00007ffff2a50000 - 0x00007ffff2b8e000 	C:\WINDOWS\SYSTEM32\wintypes.dll
0x00007ffff6780000 - 0x00007ffff6871000 	C:\WINDOWS\System32\SHCORE.dll
0x00007ffff6720000 - 0x00007ffff677e000 	C:\WINDOWS\System32\shlwapi.dll
0x00007ffff54a0000 - 0x00007ffff54c1000 	C:\WINDOWS\SYSTEM32\profapi.dll
0x00007fffd3180000 - 0x00007fffd3199000 	C:\ST\STM32CubeIDE_1.12.0\STM32CubeIDE\plugins\com.st.stm32cube.ide.jre.win64_2.4.100.202301160955\jre\bin\net.dll
0x00007fffecf20000 - 0x00007fffed04f000 	C:\WINDOWS\SYSTEM32\WINHTTP.dll
0x00007ffff4230000 - 0x00007ffff4299000 	C:\WINDOWS\system32\mswsock.dll
0x00007fffd2de0000 - 0x00007fffd2df3000 	C:\ST\STM32CubeIDE_1.12.0\STM32CubeIDE\plugins\com.st.stm32cube.ide.jre.win64_2.4.100.202301160955\jre\bin\nio.dll
0x00007ffff1c20000 - 0x00007ffff1ccb000 	C:\WINDOWS\system32\uxtheme.dll
0x00007ffff7f80000 - 0x00007ffff809e000 	C:\WINDOWS\System32\MSCTF.dll
0x00007ffff65c0000 - 0x00007ffff6670000 	C:\WINDOWS\System32\clbcatq.dll
0x00007fffe5ac0000 - 0x00007fffe5bee000 	C:\WINDOWS\SYSTEM32\textinputframework.dll
0x00007ffff1810000 - 0x00007ffff1943000 	C:\WINDOWS\SYSTEM32\CoreMessaging.dll
0x00007fffee050000 - 0x00007fffee3bc000 	C:\WINDOWS\SYSTEM32\CoreUIComponents.dll
0x00007ffff4660000 - 0x00007ffff466c000 	C:\WINDOWS\SYSTEM32\CRYPTBASE.DLL
0x00007ffff5210000 - 0x00007ffff522b000 	C:\WINDOWS\SYSTEM32\CRYPTSP.dll
0x00007ffff4040000 - 0x00007ffff4075000 	C:\WINDOWS\system32\rsaenh.dll
0x00007ffff4630000 - 0x00007ffff4658000 	C:\WINDOWS\SYSTEM32\USERENV.dll
0x00007ffff4e70000 - 0x00007ffff4e98000 	C:\WINDOWS\SYSTEM32\bcrypt.dll
0x00007ffff3900000 - 0x00007ffff392d000 	C:\WINDOWS\SYSTEM32\IPHLPAPI.DLL
0x00007ffff69f0000 - 0x00007ffff69f9000 	C:\WINDOWS\System32\NSI.dll
0x00007fffed490000 - 0x00007fffed4a9000 	C:\WINDOWS\SYSTEM32\dhcpcsvc6.DLL
0x00007fffed470000 - 0x00007fffed48f000 	C:\WINDOWS\SYSTEM32\dhcpcsvc.DLL
0x00007ffff3980000 - 0x00007ffff3a73000 	C:\WINDOWS\SYSTEM32\DNSAPI.dll
0x00007fffb9560000 - 0x00007fffb961e000 	C:\ST\STM32CubeIDE_1.12.0\STM32CubeIDE\configuration\org.eclipse.osgi\359\0\.cp\swt-win32-4950r5.dll
0x00007ffff6210000 - 0x00007ffff6307000 	C:\WINDOWS\System32\COMDLG32.dll
0x00007fffcc300000 - 0x00007fffcc39a000 	C:\WINDOWS\SYSTEM32\WINSPOOL.DRV
0x00007fffef760000 - 0x00007fffef860000 	C:\WINDOWS\SYSTEM32\PROPSYS.dll
0x00007fffc58b0000 - 0x00007fffc5919000 	C:\WINDOWS\SYSTEM32\OLEACC.dll
0x00007fffe2960000 - 0x00007fffe2b50000 	C:\WINDOWS\SYSTEM32\urlmon.dll
0x00007fffc96b0000 - 0x00007fffc96c9000 	C:\WINDOWS\SYSTEM32\USP10.dll
0x00007fffdfbc0000 - 0x00007fffe00b4000 	C:\WINDOWS\SYSTEM32\WININET.dll
0x00007fffde8e0000 - 0x00007fffdeb91000 	C:\WINDOWS\SYSTEM32\iertutil.dll
0x00007ffff1e70000 - 0x00007ffff1e9b000 	C:\WINDOWS\SYSTEM32\dwmapi.dll
0x00007fffde780000 - 0x00007fffde7a8000 	C:\WINDOWS\SYSTEM32\srvcli.dll
0x00007ffff3810000 - 0x00007ffff381c000 	C:\WINDOWS\SYSTEM32\netutils.dll
0x00007fffdde90000 - 0x00007fffdde97000 	C:\WINDOWS\SYSTEM32\MSIMG32.dll
0x00007fffc9900000 - 0x00007fffc9ab9000 	C:\Windows\System32\TaskFlowDataEngine.dll
0x00007fffd2700000 - 0x00007fffd27a5000 	C:\Windows\System32\OneCoreCommonProxyStub.dll
0x00007fffc9680000 - 0x00007fffc96a8000 	C:\ST\STM32CubeIDE_1.12.0\STM32CubeIDE\configuration\org.eclipse.osgi\359\0\.cp\swt-gdip-win32-4950r5.dll
0x00007fffdebf0000 - 0x00007fffdeda9000 	C:\WINDOWS\WinSxS\amd64_microsoft.windows.gdiplus_6595b64144ccf1df_1.1.22621.819_none_da30437f1b9d3de1\gdiplus.dll
0x00007ffff0560000 - 0x00007ffff0710000 	C:\WINDOWS\SYSTEM32\WindowsCodecs.dll
0x00007fffd3830000 - 0x00007fffd38e0000 	C:\WINDOWS\SYSTEM32\TextShaping.dll
0x00007fffc8740000 - 0x00007fffc8782000 	C:\WINDOWS\system32\mlang.dll
0x00007fffe6180000 - 0x00007fffe6189000 	C:\ST\STM32CubeIDE_1.12.0\STM32CubeIDE\plugins\com.st.stm32cube.ide.jre.win64_2.4.100.202301160955\jre\bin\management.dll
0x00007fffe5ce0000 - 0x00007fffe5ceb000 	C:\ST\STM32CubeIDE_1.12.0\STM32CubeIDE\plugins\com.st.stm32cube.ide.jre.win64_2.4.100.202301160955\jre\bin\management_ext.dll
0x00007fffefe90000 - 0x00007fffefea7000 	C:\WINDOWS\system32\napinsp.dll
0x00007fffefe70000 - 0x00007fffefe8b000 	C:\WINDOWS\system32\pnrpnsp.dll
0x00007fffefa50000 - 0x00007fffefa61000 	C:\WINDOWS\System32\winrnr.dll
0x00007fffcc2e0000 - 0x00007fffcc2f5000 	C:\WINDOWS\system32\wshbth.dll
0x00007fffedc70000 - 0x00007fffedc91000 	C:\WINDOWS\system32\nlansp_c.dll
0x00007fffed440000 - 0x00007fffed44a000 	C:\Windows\System32\rasadhlp.dll
0x00007fffeb7e0000 - 0x00007fffeb863000 	C:\WINDOWS\System32\fwpuclnt.dll
0x00007fffc6e40000 - 0x00007fffc6e51000 	C:\ST\STM32CubeIDE_1.12.0\STM32CubeIDE\configuration\org.eclipse.osgi\221\0\.cp\jWinHttp-1.0.0.dll
0x00007fffcfd90000 - 0x00007fffcfdee000 	C:\WINDOWS\system32\dataexchange.dll
0x00007fffecbd0000 - 0x00007fffece3a000 	C:\WINDOWS\system32\twinapi.appcore.dll
0x0000000180000000 - 0x0000000180012000 	C:\ST\STM32CubeIDE_1.12.0\STM32CubeIDE\configuration\org.eclipse.osgi\218\0\.cp\os\win32\x86_64\localfile_1_0_0.dll
0x00007ffff0710000 - 0x00007ffff0977000 	C:\WINDOWS\SYSTEM32\DWrite.dll
0x00007fffd2dd0000 - 0x00007fffd2dd9000 	C:\ST\STM32CubeIDE_1.12.0\STM32CubeIDE\plugins\com.st.stm32cube.ide.jre.win64_2.4.100.202301160955\jre\bin\prefs.dll
0x00007fffca460000 - 0x00007fffca6f4000 	C:\WINDOWS\system32\explorerframe.dll
0x00007fffb5d60000 - 0x00007fffb5efa000 	C:\ST\STM32CubeIDE_1.12.0\STM32CubeIDE\plugins\com.st.stm32cube.ide.jre.win64_2.4.100.202301160955\jre\bin\awt.dll
0x00007fffc8090000 - 0x00007fffc811e000 	C:\WINDOWS\SYSTEM32\MSVCP140.dll
0x00007fffd4e20000 - 0x00007fffd4e2c000 	C:\WINDOWS\SYSTEM32\VCRUNTIME140_1.dll
0x00007fffd29a0000 - 0x00007fffd29c8000 	C:\WINDOWS\SYSTEM32\edputil.dll
0x00007fffc6df0000 - 0x00007fffc6e15000 	C:\ST\STM32CubeIDE_1.12.0\STM32CubeIDE\plugins\com.st.stm32cube.ide.jre.win64_2.4.100.202301160955\jre\bin\sunec.dll
0x00007fffc9670000 - 0x00007fffc967e000 	C:\ST\STM32CubeIDE_1.12.0\STM32CubeIDE\plugins\com.st.stm32cube.ide.jre.win64_2.4.100.202301160955\jre\bin\sunmscapi.dll
0x00007ffff5870000 - 0x00007ffff59d6000 	C:\WINDOWS\System32\CRYPT32.dll
0x00007ffff4a50000 - 0x00007ffff4a7d000 	C:\WINDOWS\SYSTEM32\ncrypt.dll
0x00007ffff4780000 - 0x00007ffff47b7000 	C:\WINDOWS\SYSTEM32\NTASN1.dll
0x00007ffff46d0000 - 0x00007ffff46e2000 	C:\WINDOWS\SYSTEM32\MSASN1.dll
0x00007ffff4600000 - 0x00007ffff4626000 	C:\WINDOWS\SYSTEM32\gpapi.dll
0x00007fffc6150000 - 0x00007fffc6194000 	C:\Users\DELL\AppData\Local\Temp\jna-2094529\jna9587445478081546930.dll
0x00007fffc6de0000 - 0x00007fffc6de7000 	C:\ST\STM32CubeIDE_1.12.0\STM32CubeIDE\plugins\com.st.stm32cube.ide.jre.win64_2.4.100.202301160955\jre\bin\rmi.dll
0x00000000662c0000 - 0x0000000066323000 	C:\ST\STM32CubeIDE_1.12.0\STM32CubeIDE\configuration\org.eclipse.osgi\202\0\.cp\os\win32\x86_64\serial.dll
0x0000000065370000 - 0x00000000653c4000 	C:\ST\STM32CubeIDE_1.12.0\STM32CubeIDE\plugins\org.eclipse.cdt.core.win32.x86_64_6.0.502.202205170638\os\win32\x86_64\spawner.dll

dbghelp: loaded successfully - version: 4.0.5 - missing functions: none
symbol engine: initialized successfully - sym options: 0x614 - pdb path: .;C:\ST\STM32CubeIDE_1.12.0\STM32CubeIDE;C:\WINDOWS\SYSTEM32;C:\WINDOWS\WinSxS\amd64_microsoft.windows.common-controls_6595b64144ccf1df_6.0.22621.608_none_a9444ca7c10bb01d;C:\ST\STM32CubeIDE_1.12.0\STM32CubeIDE\plugins\org.eclipse.equinox.launcher.win32.win32.x86_64_1.2.400.v20211117-0650;C:\ST\STM32CubeIDE_1.12.0\STM32CubeIDE\plugins\com.st.stm32cube.ide.jre.win64_2.4.100.202301160955\jre\bin\server;C:\ST\STM32CubeIDE_1.12.0\STM32CubeIDE\plugins\com.st.stm32cube.ide.jre.win64_2.4.100.202301160955\jre\bin;C:\ST\STM32CubeIDE_1.12.0\STM32CubeIDE\configuration\org.eclipse.osgi\359\0\.cp;C:\WINDOWS\WinSxS\amd64_microsoft.windows.gdiplus_6595b64144ccf1df_1.1.22621.819_none_da30437f1b9d3de1;C:\ST\STM32CubeIDE_1.12.0\STM32CubeIDE\configuration\org.eclipse.osgi\221\0\.cp;C:\ST\STM32CubeIDE_1.12.0\STM32CubeIDE\configuration\org.eclipse.osgi\218\0\.cp\os\win32\x86_64;C:\Users\DELL\AppData\Local\Temp\jna-2094529;C:\ST\STM32CubeIDE_1.12.0\STM32CubeIDE\configuration\org.eclipse.osgi\202\0\.cp\os\win32\x86_64;C:\ST\STM32CubeIDE_1.12.0\STM32CubeIDE\plugins\org.eclipse.cdt.core.win32.x86_64_6.0.502.202205170638\os\win32\x86_64

VM Arguments:
jvm_args: -Dosgi.requiredJavaVersion=1.8 -Dosgi.instance.area.default=@user.home/STM32CubeIDE/workspace_1.12.0 -Declipse.buildId=Version 1.12.0 -DproductMaturityGrade=mm -XX:+UseG1GC -XX:+UseStringDeduplication -Xms256m -Xmx1024m -Djavax.net.ssl.trustStoreType=WINDOWS-ROOT 
java_command: <unknown>
java_class_path (initial): C:\ST\STM32CubeIDE_1.12.0\STM32CubeIDE\\plugins/org.eclipse.equinox.launcher_1.6.400.v20210924-0641.jar
Launcher Type: generic

[Global flags]
     intx CICompilerCount                          = 3                                         {product} {ergonomic}
     uint ConcGCThreads                            = 1                                         {product} {ergonomic}
     uint G1ConcRefinementThreads                  = 4                                         {product} {ergonomic}
   size_t G1HeapRegionSize                         = 1048576                                   {product} {ergonomic}
    uintx GCDrainStackTargetSize                   = 64                                        {product} {ergonomic}
   size_t InitialHeapSize                          = 268435456                                 {product} {command line}
   size_t MarkStackSize                            = 4194304                                   {product} {ergonomic}
   size_t MaxHeapSize                              = 1073741824                                {product} {command line}
   size_t MaxNewSize                               = 643825664                                 {product} {ergonomic}
   size_t MinHeapDeltaBytes                        = 1048576                                   {product} {ergonomic}
    uintx NonNMethodCodeHeapSize                   = 5830732                                {pd product} {ergonomic}
    uintx NonProfiledCodeHeapSize                  = 122913754                              {pd product} {ergonomic}
    uintx ProfiledCodeHeapSize                     = 122913754                              {pd product} {ergonomic}
    uintx ReservedCodeCacheSize                    = 251658240                              {pd product} {ergonomic}
     bool SegmentedCodeCache                       = true                                      {product} {ergonomic}
     bool UseCompressedClassPointers               = true                                 {lp64_product} {ergonomic}
     bool UseCompressedOops                        = true                                 {lp64_product} {ergonomic}
     bool UseG1GC                                  = true                                      {product} {command line}
     bool UseLargePagesIndividualAllocation        = false                                  {pd product} {ergonomic}
     bool UseStringDeduplication                   = true                                      {product} {command line}

Logging:
Log output configuration:
 #0: stdout all=warning uptime,level,tags
 #1: stderr all=off uptime,level,tags

Environment Variables:
PATH=C:\Program Files\STMicroelectronics\STM32Cube\STM32CubeMX\;C:\WINDOWS\system32;C:\WINDOWS;C:\WINDOWS\System32\Wbem;C:\WINDOWS\System32\WindowsPowerShell\v1.0\;C:\WINDOWS\System32\OpenSSH\;C:\Program Files (x86)\Microchip\xc8\v1.41\bin;C:\Program Files\dotnet\;C:\Users\DELL\AppData\Local\Microsoft\WindowsApps;C:\Users\DELL\AppData\Local\GitHubDesktop\bin;C:\Program Files\STMicroelectronics\STM32Cube\STM32CubeMX\.\jre\\bin
USERNAME=DELL
OS=Windows_NT
PROCESSOR_IDENTIFIER=Intel64 Family 6 Model 126 Stepping 5, GenuineIntel
TMP=C:\Users\DELL\AppData\Local\Temp
TEMP=C:\Users\DELL\AppData\Local\Temp



---------------  S Y S T E M  ---------------

OS: Windows 11 , 64 bit Build 22621 (10.0.22621.1344)
OS uptime: 2 days 15:03 hours

CPU:total 4 (initial active 4) (2 cores per cpu, 2 threads per core) family 6 model 126 stepping 5 microcode 0xb2, cmov, cx8, fxsr, mmx, sse, sse2, sse3, ssse3, sse4.1, sse4.2, popcnt, avx, avx2, aes, clmul, erms, 3dnowpref, lzcnt, ht, tsc, tscinvbit, bmi1, bmi2, adx, evex, sha, fma

Memory: 4k page, system-wide physical 3863M (14M free)
TotalPageFile size 15639M (AvailPageFile size 7M)
current process WorkingSet (physical memory assigned to process): 162M, peak: 429M
current process commit charge ("private bytes"): 639M, peak: 647M

vm_info: OpenJDK 64-Bit Server VM (11.0.17+8) for windows-amd64 JRE (11.0.17+8), built on Oct 19 2022 00:04:05 by "" with MS VC++ 15.9 (VS2017)

END.
